#-----------------------------------------------------------
# Vivado v2021.1 (64-bit)
# SW Build 3247384 on Thu Jun 10 19:36:33 MDT 2021
# IP Build 3246043 on Fri Jun 11 00:30:35 MDT 2021
# Start of session at: Sat Oct  8 20:00:51 2022
# Process ID: 18940
# Current directory: D:/Programy/ActiveHDL/My_Designs/Soutys8_GitHub/Soutys8/synthesis
# Command line: vivado.exe -mode batch -log vivado.log -journal transcript.log -source D:/Programy/ActiveHDL/My_Designs/Soutys8_GitHub/Soutys8/synthesis/run_vivado.tcl
# Log file: D:/Programy/ActiveHDL/My_Designs/Soutys8_GitHub/Soutys8/synthesis/vivado.log
# Journal file: D:/Programy/ActiveHDL/My_Designs/Soutys8_GitHub/Soutys8/synthesis\transcript.log
#-----------------------------------------------------------
source D:/Programy/ActiveHDL/My_Designs/Soutys8_GitHub/Soutys8/synthesis/run_vivado.tcl
# create_project -force top {D:\Programy\ActiveHDL\My_Designs\Soutys8_GitHub\Soutys8\synthesis} -part 7s50csga324-1
create_project: Time (s): cpu = 00:00:03 ; elapsed = 00:00:07 . Memory (MB): peak = 1122.688 ; gain = 0.000
# add_files -norecurse {D:/Programy/ActiveHDL/My_Designs/Soutys8_GitHub/Soutys8/src/softprocessor_constants.vhd}
# add_files -norecurse {D:/Programy/ActiveHDL/My_Designs/Soutys8_GitHub/Soutys8/src/ALU.vhd}
# add_files -norecurse {D:/Programy/ActiveHDL/My_Designs/Soutys8_GitHub/Soutys8/src/Clock_prescaler.vhd}
# add_files -norecurse {D:/Programy/ActiveHDL/My_Designs/Soutys8_GitHub/Soutys8/src/constant_values.vhd}
# add_files -norecurse {D:/Programy/ActiveHDL/My_Designs/Soutys8_GitHub/Soutys8/src/Control_unit.vhd}
# add_files -norecurse {D:/Programy/ActiveHDL/My_Designs/Soutys8_GitHub/Soutys8/compile/Data_memory.vhd}
# add_files -norecurse {D:/Programy/ActiveHDL/My_Designs/Soutys8_GitHub/Soutys8/src/GPIO.vhd}
# add_files -norecurse {D:/Programy/ActiveHDL/My_Designs/Soutys8_GitHub/Soutys8/src/Instruction_decoder.vhd}
# add_files -norecurse {D:/Programy/ActiveHDL/My_Designs/Soutys8_GitHub/Soutys8/compile/MMIO.vhd}
# add_files -norecurse {D:/Programy/ActiveHDL/My_Designs/Soutys8_GitHub/Soutys8/src/MUX2_8bit_read_data.vhd}
# add_files -norecurse {D:/Programy/ActiveHDL/My_Designs/Soutys8_GitHub/Soutys8/src/MUX2_8bit_src1.vhd}
# add_files -norecurse {D:/Programy/ActiveHDL/My_Designs/Soutys8_GitHub/Soutys8/src/MUX2_8bit_src2.vhd}
# add_files -norecurse {D:/Programy/ActiveHDL/My_Designs/Soutys8_GitHub/Soutys8/src/MUX2_16bit_addr.vhd}
# add_files -norecurse {D:/Programy/ActiveHDL/My_Designs/Soutys8_GitHub/Soutys8/src/MUX2_16bit_branch.vhd}
# add_files -norecurse {D:/Programy/ActiveHDL/My_Designs/Soutys8_GitHub/Soutys8/src/MUX2_16bit_PC.vhd}
# add_files -norecurse {D:/Programy/ActiveHDL/My_Designs/Soutys8_GitHub/Soutys8/src/MUX4_8bit.vhd}
# add_files -norecurse {D:/Programy/ActiveHDL/My_Designs/Soutys8_GitHub/Soutys8/src/Program_counter.vhd}
# add_files -norecurse {D:/Programy/ActiveHDL/My_Designs/Soutys8_GitHub/Soutys8/src/Program_memory.vhd}
# add_files -norecurse {D:/Programy/ActiveHDL/My_Designs/Soutys8_GitHub/Soutys8/src/Register_file.vhd}
# add_files -norecurse {D:/Programy/ActiveHDL/My_Designs/Soutys8_GitHub/Soutys8/src/Reset_LED.vhd}
# add_files -norecurse {D:/Programy/ActiveHDL/My_Designs/Soutys8_GitHub/Soutys8/src/SRAM.vhd}
# add_files -norecurse {D:/Programy/ActiveHDL/My_Designs/Soutys8_GitHub/Soutys8/src/UART_Rx.vhd}
# add_files -norecurse {D:/Programy/ActiveHDL/My_Designs/Soutys8_GitHub/Soutys8/src/UART_Tx.vhd}
# add_files -norecurse {D:/Programy/ActiveHDL/My_Designs/Soutys8_GitHub/Soutys8/src/Adder_16bit.vhd}
# add_files -norecurse {D:/Programy/ActiveHDL/My_Designs/Soutys8_GitHub/Soutys8/compile/top.vhd}
# add_files -norecurse {D:/Programy/ActiveHDL/My_Designs/Soutys8_GitHub/Soutys8/src/testbench/Program_counter_tb.vhd}
# add_files -norecurse {D:/Programy/ActiveHDL/My_Designs/Soutys8_GitHub/Soutys8/src/testbench/Register_file_tb.vhd}
# add_files -norecurse {D:/Programy/ActiveHDL/My_Designs/Soutys8_GitHub/Soutys8/src/testbench/UART_Rx_tb.vhd}
# set_property top top [current_fileset]
# set_property XPM_LIBRARIES {XPM_CDC XPM_MEMORY} [current_project]
# synth_design -top top -incremental off -flatten_hierarchy rebuilt -gated_clock_conversion off -fsm_extraction auto -bufg 12 -shreg_min_size 3 -max_bram -1 -max_uram -1 -max_dsp -1 -max_bram_cascade_height -1 -max_uram_cascade_height -1 -cascade_dsp auto -directive default -resource_sharing auto -control_set_opt_threshold auto -debug_log
Command: synth_design -top top -incremental off -flatten_hierarchy rebuilt -gated_clock_conversion off -fsm_extraction auto -bufg 12 -shreg_min_size 3 -max_bram -1 -max_uram -1 -max_dsp -1 -max_bram_cascade_height -1 -max_uram_cascade_height -1 -cascade_dsp auto -directive default -resource_sharing auto -control_set_opt_threshold auto -debug_log
Starting synth_design
Using part: xc7s50csga324-1
Attempting to get a license for feature 'Synthesis' and/or device 'xc7s50'
INFO: [Common 17-349] Got license for feature 'Synthesis' and/or device 'xc7s50'
INFO: [Device 21-403] Loading part xc7s50csga324-1
INFO: [Synth 8-7079] Multithreading enabled for synth_design using a maximum of 2 processes.
INFO: [Synth 8-7078] Launching helper process for spawning children vivado processes
INFO: [Synth 8-7075] Helper process launched with PID 20392
---------------------------------------------------------------------------------
Starting RTL Elaboration : Time (s): cpu = 00:00:09 ; elapsed = 00:00:14 . Memory (MB): peak = 1122.688 ; gain = 0.000
---------------------------------------------------------------------------------
ERROR: [Synth 8-4169] error in use clause: package 'env' not found in library 'std' [D:/Programy/ActiveHDL/My_Designs/Soutys8_GitHub/Soutys8/src/testbench/Program_counter_tb.vhd:21]
INFO: [Synth 8-2810] unit program_counter_tb ignored due to previous errors [D:/Programy/ActiveHDL/My_Designs/Soutys8_GitHub/Soutys8/src/testbench/Program_counter_tb.vhd:23]
---------------------------------------------------------------------------------
Finished RTL Elaboration : Time (s): cpu = 00:00:11 ; elapsed = 00:00:17 . Memory (MB): peak = 1122.688 ; gain = 0.000
---------------------------------------------------------------------------------
RTL Elaboration failed
INFO: [Common 17-83] Releasing license: Synthesis
7 Infos, 0 Warnings, 0 Critical Warnings and 2 Errors encountered.
synth_design failed
ERROR: [Common 17-69] Command failed: Synthesis failed - please see the console or run log file for details
INFO: [Common 17-206] Exiting Vivado at Sat Oct  8 20:01:58 2022...
