Copyright 1986-2021 Xilinx, Inc. All Rights Reserved.
------------------------------------------------------------------------------------
| Tool Version : Vivado v.2021.1 (win64) Build 3247384 Thu Jun 10 19:36:33 MDT 2021
| Date         : Mon Oct 10 18:05:09 2022
| Host         : Zjemowit running 64-bit major release  (build 9200)
| Command      : report_drc -file top_drc_routed.rpt
| Design       : top
| Device       : xc7s50csga324-1
| Speed File   : -1
| Design State : Fully Routed
------------------------------------------------------------------------------------

Report DRC

Table of Contents
-----------------
1. REPORT SUMMARY
2. REPORT DETAILS

1. REPORT SUMMARY
-----------------
            Netlist: netlist
          Floorplan: design_1
      Design limits: <entire design considered>
           Ruledeck: default
             Max violations: <unlimited>
             Violations found: 13
+----------+----------+-------------------+------------+
| Rule     | Severity | Description       | Violations |
+----------+----------+-------------------+------------+
| PDRC-153 | Warning  | Gated clock check | 13         |
+----------+----------+-------------------+------------+

2. REPORT DETAILS
-----------------
PDRC-153#1 Warning
Gated clock check  
Net U17/out_rx_data_reg[7]_i_1_n_1 is a gated clock net sourced by a combinational pin U17/out_rx_data_reg[7]_i_1/O, cell U17/out_rx_data_reg[7]_i_1. This is not good design practice and will likely impact performance. For SLICE registers, for example, use the CE pin to control the loading of data.
Related violations: <none>

PDRC-153#2 Warning
Gated clock check  
Net U24/s_read_data0 is a gated clock net sourced by a combinational pin U24/s_read_data_reg[7]_i_2/O, cell U24/s_read_data_reg[7]_i_2. This is not good design practice and will likely impact performance. For SLICE registers, for example, use the CE pin to control the loading of data.
Related violations: <none>

PDRC-153#3 Warning
Gated clock check  
Net U24/s_read_data1__7_carry__0[0] is a gated clock net sourced by a combinational pin U24/s_read_data_reg[7]_i_2__0/O, cell U24/s_read_data_reg[7]_i_2__0. This is not good design practice and will likely impact performance. For SLICE registers, for example, use the CE pin to control the loading of data.
Related violations: <none>

PDRC-153#4 Warning
Gated clock check  
Net U25/E[0] is a gated clock net sourced by a combinational pin U25/s_control_reg[1]_i_2/O, cell U25/s_control_reg[1]_i_2. This is not good design practice and will likely impact performance. For SLICE registers, for example, use the CE pin to control the loading of data.
Related violations: <none>

PDRC-153#5 Warning
Gated clock check  
Net U25/E[1] is a gated clock net sourced by a combinational pin U25/s_control_reg[2]_i_2/O, cell U25/s_control_reg[2]_i_2. This is not good design practice and will likely impact performance. For SLICE registers, for example, use the CE pin to control the loading of data.
Related violations: <none>

PDRC-153#6 Warning
Gated clock check  
Net U25/E[2] is a gated clock net sourced by a combinational pin U25/s_control_reg[5]_i_2/O, cell U25/s_control_reg[5]_i_2. This is not good design practice and will likely impact performance. For SLICE registers, for example, use the CE pin to control the loading of data.
Related violations: <none>

PDRC-153#7 Warning
Gated clock check  
Net U25/E[3] is a gated clock net sourced by a combinational pin U25/s_control_reg[6]_i_2/O, cell U25/s_control_reg[6]_i_2. This is not good design practice and will likely impact performance. For SLICE registers, for example, use the CE pin to control the loading of data.
Related violations: <none>

PDRC-153#8 Warning
Gated clock check  
Net U25/E[4] is a gated clock net sourced by a combinational pin U25/s_control_reg[11]_i_2/O, cell U25/s_control_reg[11]_i_2. This is not good design practice and will likely impact performance. For SLICE registers, for example, use the CE pin to control the loading of data.
Related violations: <none>

PDRC-153#9 Warning
Gated clock check  
Net U25/s_immediate_reg[7]_i_11_0[0] is a gated clock net sourced by a combinational pin U25/s_immediate_reg[7]_i_2/O, cell U25/s_immediate_reg[7]_i_2. This is not good design practice and will likely impact performance. For SLICE registers, for example, use the CE pin to control the loading of data.
Related violations: <none>

PDRC-153#10 Warning
Gated clock check  
Net U25/s_reg1_addr_reg[4]_i_9_0[0] is a gated clock net sourced by a combinational pin U25/s_reg1_addr_reg[4]_i_2/O, cell U25/s_reg1_addr_reg[4]_i_2. This is not good design practice and will likely impact performance. For SLICE registers, for example, use the CE pin to control the loading of data.
Related violations: <none>

PDRC-153#11 Warning
Gated clock check  
Net U25/s_reg2_addr_reg[4]_i_14_0[0] is a gated clock net sourced by a combinational pin U25/s_reg2_addr_reg[4]_i_2/O, cell U25/s_reg2_addr_reg[4]_i_2. This is not good design practice and will likely impact performance. For SLICE registers, for example, use the CE pin to control the loading of data.
Related violations: <none>

PDRC-153#12 Warning
Gated clock check  
Net U25/s_reg3_addr_reg[4]_i_12_0[0] is a gated clock net sourced by a combinational pin U25/s_reg3_addr_reg[4]_i_2/O, cell U25/s_reg3_addr_reg[4]_i_2. This is not good design practice and will likely impact performance. For SLICE registers, for example, use the CE pin to control the loading of data.
Related violations: <none>

PDRC-153#13 Warning
Gated clock check  
Net U4/s_control_reg[10]_0[0] is a gated clock net sourced by a combinational pin U4/s_result_reg[7]_i_2/O, cell U4/s_result_reg[7]_i_2. This is not good design practice and will likely impact performance. For SLICE registers, for example, use the CE pin to control the loading of data.
Related violations: <none>


