Copyright 1986-2021 Xilinx, Inc. All Rights Reserved.
------------------------------------------------------------------------------------
| Tool Version : Vivado v.2021.1 (win64) Build 3247384 Thu Jun 10 19:36:33 MDT 2021
| Date         : Mon Oct 10 18:01:54 2022
| Host         : Zjemowit running 64-bit major release  (build 9200)
| Command      : report_timing_summary -file top_timing_summary_placed.rpt
| Design       : top
| Device       : 7s50-csga324
| Speed File   : -1  PRODUCTION 1.23 2018-06-13
------------------------------------------------------------------------------------

Timing Summary Report

------------------------------------------------------------------------------------------------
| Timer Settings
| --------------
------------------------------------------------------------------------------------------------

  Enable Multi Corner Analysis               :  Yes
  Enable Pessimism Removal                   :  Yes
  Pessimism Removal Resolution               :  Nearest Common Node
  Enable Input Delay Default Clock           :  No
  Enable Preset / Clear Arcs                 :  No
  Disable Flight Delays                      :  No
  Ignore I/O Paths                           :  No
  Timing Early Launch at Borrowing Latches   :  No
  Borrow Time for Max Delay Exceptions       :  Yes
  Merge Timing Exceptions                    :  Yes

  Corner  Analyze    Analyze    
  Name    Max Paths  Min Paths  
  ------  ---------  ---------  
  Slow    Yes        Yes        
  Fast    Yes        Yes        


------------------------------------------------------------------------------------------------
| Report Methodology
| ------------------
------------------------------------------------------------------------------------------------

No report available as report_methodology has not been run prior. Run report_methodology on the current design for the summary of methodology violations.



check_timing report

Table of Contents
-----------------
1. checking no_clock (21300)
2. checking constant_clock (0)
3. checking pulse_width_clock (0)
4. checking unconstrained_internal_endpoints (51716)
5. checking no_input_delay (34)
6. checking no_output_delay (33)
7. checking multiple_clock (0)
8. checking generated_clocks (0)
9. checking loops (0)
10. checking partial_input_delay (0)
11. checking partial_output_delay (0)
12. checking latch_loops (0)

1. checking no_clock (21300)
----------------------------
 There are 182 register/latch pins with no clock driven by root clock pin: RESET (HIGH)

 There are 17174 register/latch pins with no clock driven by root clock pin: U16/s_divider_reg[0]/Q (HIGH)

 There are 8 register/latch pins with no clock driven by root clock pin: U17/FSM_sequential_s_rx_state_reg[0]/Q (HIGH)

 There are 8 register/latch pins with no clock driven by root clock pin: U17/FSM_sequential_s_rx_state_reg[1]/Q (HIGH)

 There are 8 register/latch pins with no clock driven by root clock pin: U17/FSM_sequential_s_rx_state_reg[2]/Q (HIGH)

 There are 182 register/latch pins with no clock driven by root clock pin: U17/s_data_address_reg[0]/Q (HIGH)

 There are 182 register/latch pins with no clock driven by root clock pin: U17/s_data_address_reg[1]/Q (HIGH)

 There are 182 register/latch pins with no clock driven by root clock pin: U17/s_data_address_reg[2]/Q (HIGH)

 There are 182 register/latch pins with no clock driven by root clock pin: U17/s_data_address_reg[3]/Q (HIGH)

 There are 182 register/latch pins with no clock driven by root clock pin: U17/s_data_address_reg[4]/Q (HIGH)

 There are 182 register/latch pins with no clock driven by root clock pin: U17/s_data_address_reg[5]/Q (HIGH)

 There are 182 register/latch pins with no clock driven by root clock pin: U17/s_data_address_reg[6]/Q (HIGH)

 There are 182 register/latch pins with no clock driven by root clock pin: U17/s_data_address_reg[7]/Q (HIGH)

 There are 182 register/latch pins with no clock driven by root clock pin: U17/s_data_address_reg[8]/Q (HIGH)

 There are 182 register/latch pins with no clock driven by root clock pin: U17/s_data_address_reg[9]/Q (HIGH)

 There are 182 register/latch pins with no clock driven by root clock pin: U20/s_next_instruction_reg[0]/Q (HIGH)

 There are 182 register/latch pins with no clock driven by root clock pin: U20/s_next_instruction_reg[1]/Q (HIGH)

 There are 182 register/latch pins with no clock driven by root clock pin: U20/s_next_instruction_reg[2]/Q (HIGH)

 There are 182 register/latch pins with no clock driven by root clock pin: U20/s_next_instruction_reg[3]/Q (HIGH)

 There are 182 register/latch pins with no clock driven by root clock pin: U20/s_next_instruction_reg[4]/Q (HIGH)

 There are 182 register/latch pins with no clock driven by root clock pin: U20/s_next_instruction_reg[5]/Q (HIGH)

 There are 182 register/latch pins with no clock driven by root clock pin: U20/s_next_instruction_reg[6]/Q (HIGH)

 There are 182 register/latch pins with no clock driven by root clock pin: U20/s_next_instruction_reg[7]/Q (HIGH)

 There are 182 register/latch pins with no clock driven by root clock pin: U20/s_next_instruction_reg[8]/Q (HIGH)

 There are 182 register/latch pins with no clock driven by root clock pin: U20/s_next_instruction_reg[9]/Q (HIGH)

 There are 8 register/latch pins with no clock driven by root clock pin: U24/s_sram_address_reg[0]/Q (HIGH)

 There are 8 register/latch pins with no clock driven by root clock pin: U24/s_sram_address_reg[0]_rep__3/Q (HIGH)

 There are 16 register/latch pins with no clock driven by root clock pin: U24/s_sram_address_reg[10]/Q (HIGH)

 There are 16 register/latch pins with no clock driven by root clock pin: U24/s_sram_address_reg[11]/Q (HIGH)

 There are 16 register/latch pins with no clock driven by root clock pin: U24/s_sram_address_reg[12]/Q (HIGH)

 There are 16 register/latch pins with no clock driven by root clock pin: U24/s_sram_address_reg[13]/Q (HIGH)

 There are 16 register/latch pins with no clock driven by root clock pin: U24/s_sram_address_reg[14]/Q (HIGH)

 There are 16 register/latch pins with no clock driven by root clock pin: U24/s_sram_address_reg[15]/Q (HIGH)

 There are 8 register/latch pins with no clock driven by root clock pin: U24/s_sram_address_reg[1]/Q (HIGH)

 There are 8 register/latch pins with no clock driven by root clock pin: U24/s_sram_address_reg[1]_rep__2/Q (HIGH)

 There are 8 register/latch pins with no clock driven by root clock pin: U24/s_sram_address_reg[2]/Q (HIGH)

 There are 8 register/latch pins with no clock driven by root clock pin: U24/s_sram_address_reg[2]_rep__25/Q (HIGH)

 There are 8 register/latch pins with no clock driven by root clock pin: U24/s_sram_address_reg[3]_rep/Q (HIGH)

 There are 8 register/latch pins with no clock driven by root clock pin: U24/s_sram_address_reg[3]_rep__9/Q (HIGH)

 There are 8 register/latch pins with no clock driven by root clock pin: U24/s_sram_address_reg[4]/Q (HIGH)

 There are 8 register/latch pins with no clock driven by root clock pin: U24/s_sram_address_reg[4]_rep__1/Q (HIGH)

 There are 16 register/latch pins with no clock driven by root clock pin: U24/s_sram_address_reg[5]/Q (HIGH)

 There are 8 register/latch pins with no clock driven by root clock pin: U24/s_sram_address_reg[6]/Q (HIGH)

 There are 8 register/latch pins with no clock driven by root clock pin: U24/s_sram_address_reg[6]_rep/Q (HIGH)

 There are 8 register/latch pins with no clock driven by root clock pin: U24/s_sram_address_reg[7]/Q (HIGH)

 There are 8 register/latch pins with no clock driven by root clock pin: U24/s_sram_address_reg[7]_rep/Q (HIGH)

 There are 16 register/latch pins with no clock driven by root clock pin: U24/s_sram_address_reg[8]/Q (HIGH)

 There are 16 register/latch pins with no clock driven by root clock pin: U24/s_sram_address_reg[9]/Q (HIGH)

 There are 8 register/latch pins with no clock driven by root clock pin: U4/s_control_reg[10]/Q (HIGH)

 There are 8 register/latch pins with no clock driven by root clock pin: U4/s_control_reg[11]/Q (HIGH)

 There are 8 register/latch pins with no clock driven by root clock pin: U4/s_control_reg[9]/Q (HIGH)


2. checking constant_clock (0)
------------------------------
 There are 0 register/latch pins with constant_clock.


3. checking pulse_width_clock (0)
---------------------------------
 There are 0 register/latch pins which need pulse_width check


4. checking unconstrained_internal_endpoints (51716)
----------------------------------------------------
 There are 51716 pins that are not constrained for maximum delay. (HIGH)

 There are 0 pins that are not constrained for maximum delay due to constant clock.


5. checking no_input_delay (34)
-------------------------------
 There are 34 input ports with no input delay specified. (HIGH)

 There are 0 input ports with no input delay but user has a false path constraint.


6. checking no_output_delay (33)
--------------------------------
 There are 33 ports with no output delay specified. (HIGH)

 There are 0 ports with no output delay but user has a false path constraint

 There are 0 ports with no output delay but with a timing clock defined on it or propagating through it


7. checking multiple_clock (0)
------------------------------
 There are 0 register/latch pins with multiple clocks.


8. checking generated_clocks (0)
--------------------------------
 There are 0 generated clocks that are not connected to a clock source.


9. checking loops (0)
---------------------
 There are 0 combinational loops in the design.


10. checking partial_input_delay (0)
------------------------------------
 There are 0 input ports with partial input delay specified.


11. checking partial_output_delay (0)
-------------------------------------
 There are 0 ports with partial output delay specified.


12. checking latch_loops (0)
----------------------------
 There are 0 combinational latch loops in the design through latch input



------------------------------------------------------------------------------------------------
| Design Timing Summary
| ---------------------
------------------------------------------------------------------------------------------------

    WNS(ns)      TNS(ns)  TNS Failing Endpoints  TNS Total Endpoints      WHS(ns)      THS(ns)  THS Failing Endpoints  THS Total Endpoints     WPWS(ns)     TPWS(ns)  TPWS Failing Endpoints  TPWS Total Endpoints  
    -------      -------  ---------------------  -------------------      -------      -------  ---------------------  -------------------     --------     --------  ----------------------  --------------------  
     77.233        0.000                      0                 5820        0.275        0.000                      0                 5820       40.416        0.000                       0                   880  


All user specified timing constraints are met.


------------------------------------------------------------------------------------------------
| Clock Summary
| -------------
------------------------------------------------------------------------------------------------

Clock        Waveform(ns)       Period(ns)      Frequency(MHz)
-----        ------------       ----------      --------------
sys_clk_pin  {0.000 41.667}     83.333          12.000          


------------------------------------------------------------------------------------------------
| Intra Clock Table
| -----------------
------------------------------------------------------------------------------------------------

Clock             WNS(ns)      TNS(ns)  TNS Failing Endpoints  TNS Total Endpoints      WHS(ns)      THS(ns)  THS Failing Endpoints  THS Total Endpoints     WPWS(ns)     TPWS(ns)  TPWS Failing Endpoints  TPWS Total Endpoints  
-----             -------      -------  ---------------------  -------------------      -------      -------  ---------------------  -------------------     --------     --------  ----------------------  --------------------  
sys_clk_pin        77.233        0.000                      0                 5820        0.275        0.000                      0                 5820       40.416        0.000                       0                   880  


------------------------------------------------------------------------------------------------
| Inter Clock Table
| -----------------
------------------------------------------------------------------------------------------------

From Clock    To Clock          WNS(ns)      TNS(ns)  TNS Failing Endpoints  TNS Total Endpoints      WHS(ns)      THS(ns)  THS Failing Endpoints  THS Total Endpoints  
----------    --------          -------      -------  ---------------------  -------------------      -------      -------  ---------------------  -------------------  


------------------------------------------------------------------------------------------------
| Other Path Groups Table
| -----------------------
------------------------------------------------------------------------------------------------

Path Group    From Clock    To Clock          WNS(ns)      TNS(ns)  TNS Failing Endpoints  TNS Total Endpoints      WHS(ns)      THS(ns)  THS Failing Endpoints  THS Total Endpoints  
----------    ----------    --------          -------      -------  ---------------------  -------------------      -------      -------  ---------------------  -------------------  


------------------------------------------------------------------------------------------------
| Timing Details
| --------------
------------------------------------------------------------------------------------------------


---------------------------------------------------------------------------------------------------
From Clock:  sys_clk_pin
  To Clock:  sys_clk_pin

Setup :            0  Failing Endpoints,  Worst Slack       77.233ns,  Total Violation        0.000ns
Hold  :            0  Failing Endpoints,  Worst Slack        0.275ns,  Total Violation        0.000ns
PW    :            0  Failing Endpoints,  Worst Slack       40.416ns,  Total Violation        0.000ns
---------------------------------------------------------------------------------------------------


Max Delay Paths
--------------------------------------------------------------------------------------
Slack (MET) :             77.233ns  (required time - arrival time)
  Source:                 U17/s_byte_received_reg/C
                            (rising edge-triggered cell FDRE clocked by sys_clk_pin  {rise@0.000ns fall@41.667ns period=83.333ns})
  Destination:            U25/ROM_reg_r4_960_1023_6_7/RAMA/WE
                            (rising edge-triggered cell RAMD64E clocked by sys_clk_pin  {rise@0.000ns fall@41.667ns period=83.333ns})
  Path Group:             sys_clk_pin
  Path Type:              Setup (Max at Slow Process Corner)
  Requirement:            83.333ns  (sys_clk_pin rise@83.333ns - sys_clk_pin rise@0.000ns)
  Data Path Delay:        5.285ns  (logic 0.925ns (17.502%)  route 4.360ns (82.498%))
  Logic Levels:           2  (LUT3=1 LUT5=1)
  Clock Path Skew:        -0.045ns (DCD - SCD + CPR)
    Destination Clock Delay (DCD):    4.800ns = ( 88.133 - 83.333 ) 
    Source Clock Delay      (SCD):    5.098ns
    Clock Pessimism Removal (CPR):    0.253ns
  Clock Uncertainty:      0.035ns  ((TSJ^2 + TIJ^2)^1/2 + DJ) / 2 + PE
    Total System Jitter     (TSJ):    0.071ns
    Total Input Jitter      (TIJ):    0.000ns
    Discrete Jitter          (DJ):    0.000ns
    Phase Error              (PE):    0.000ns

    Location             Delay type                Incr(ns)  Path(ns)    Netlist Resource(s)
  -------------------------------------------------------------------    -------------------
                         (clock sys_clk_pin rise edge)
                                                      0.000     0.000 r  
    F14                                               0.000     0.000 r  CLK_12MHz (IN)
                         net (fo=0)                   0.000     0.000    CLK_12MHz
    F14                  IBUF (Prop_ibuf_I_O)         1.458     1.458 r  CLK_12MHz_IBUF_inst/O
                         net (fo=1, estimated)        1.972     3.430    CLK_12MHz_IBUF
    BUFGCTRL_X0Y16       BUFG (Prop_bufg_I_O)         0.096     3.526 r  CLK_12MHz_IBUF_BUFG_inst/O
                         net (fo=879, estimated)      1.572     5.098    U17/CLK_12MHz_IBUF_BUFG
    SLICE_X8Y2           FDRE                                         r  U17/s_byte_received_reg/C
  -------------------------------------------------------------------    -------------------
    SLICE_X8Y2           FDRE (Prop_fdre_C_Q)         0.478     5.576 r  U17/s_byte_received_reg/Q
                         net (fo=23, estimated)       2.211     7.787    U17/s_byte_received_reg_0
    SLICE_X4Y36          LUT3 (Prop_lut3_I0_O)        0.295     8.082 r  U17/ROM_reg_r1_448_511_0_2_i_2/O
                         net (fo=3, estimated)        0.825     8.907    U17/ROM_reg_r1_448_511_0_2_i_2_n_1
    SLICE_X5Y36          LUT5 (Prop_lut5_I2_O)        0.152     9.059 r  U17/ROM_reg_r1_960_1023_0_2_i_1/O
                         net (fo=48, estimated)       1.324    10.383    U25/ROM_reg_r4_960_1023_6_7/WE
    SLICE_X10Y15         RAMD64E                                      r  U25/ROM_reg_r4_960_1023_6_7/RAMA/WE
  -------------------------------------------------------------------    -------------------

                         (clock sys_clk_pin rise edge)
                                                     83.333    83.333 r  
    F14                                               0.000    83.333 r  CLK_12MHz (IN)
                         net (fo=0)                   0.000    83.333    CLK_12MHz
    F14                  IBUF (Prop_ibuf_I_O)         1.388    84.721 r  CLK_12MHz_IBUF_inst/O
                         net (fo=1, estimated)        1.873    86.594    CLK_12MHz_IBUF
    BUFGCTRL_X0Y16       BUFG (Prop_bufg_I_O)         0.091    86.686 r  CLK_12MHz_IBUF_BUFG_inst/O
                         net (fo=879, estimated)      1.448    88.133    U25/ROM_reg_r4_960_1023_6_7/WCLK
    SLICE_X10Y15         RAMD64E                                      r  U25/ROM_reg_r4_960_1023_6_7/RAMA/CLK
                         clock pessimism              0.253    88.386    
                         clock uncertainty           -0.035    88.351    
    SLICE_X10Y15         RAMD64E (Setup_ramd64e_CLK_WE)
                                                     -0.735    87.616    U25/ROM_reg_r4_960_1023_6_7/RAMA
  -------------------------------------------------------------------
                         required time                         87.616    
                         arrival time                         -10.383    
  -------------------------------------------------------------------
                         slack                                 77.233    





Min Delay Paths
--------------------------------------------------------------------------------------
Slack (MET) :             0.275ns  (arrival time - required time)
  Source:                 U17/FSM_sequential_s_rx_state_reg[1]/C
                            (rising edge-triggered cell FDRE clocked by sys_clk_pin  {rise@0.000ns fall@41.667ns period=83.333ns})
  Destination:            U17/FSM_sequential_s_rx_state_reg[0]/D
                            (rising edge-triggered cell FDRE clocked by sys_clk_pin  {rise@0.000ns fall@41.667ns period=83.333ns})
  Path Group:             sys_clk_pin
  Path Type:              Hold (Min at Fast Process Corner)
  Requirement:            0.000ns  (sys_clk_pin rise@0.000ns - sys_clk_pin rise@0.000ns)
  Data Path Delay:        0.412ns  (logic 0.209ns (50.759%)  route 0.203ns (49.241%))
  Logic Levels:           1  (LUT5=1)
  Clock Path Skew:        0.016ns (DCD - SCD - CPR)
    Destination Clock Delay (DCD):    2.156ns
    Source Clock Delay      (SCD):    1.652ns
    Clock Pessimism Removal (CPR):    0.488ns

    Location             Delay type                Incr(ns)  Path(ns)    Netlist Resource(s)
  -------------------------------------------------------------------    -------------------
                         (clock sys_clk_pin rise edge)
                                                      0.000     0.000 r  
    F14                                               0.000     0.000 r  CLK_12MHz (IN)
                         net (fo=0)                   0.000     0.000    CLK_12MHz
    F14                  IBUF (Prop_ibuf_I_O)         0.226     0.226 r  CLK_12MHz_IBUF_inst/O
                         net (fo=1, estimated)        0.831     1.058    CLK_12MHz_IBUF
    BUFGCTRL_X0Y16       BUFG (Prop_bufg_I_O)         0.026     1.084 r  CLK_12MHz_IBUF_BUFG_inst/O
                         net (fo=879, estimated)      0.568     1.652    U17/CLK_12MHz_IBUF_BUFG
    SLICE_X8Y2           FDRE                                         r  U17/FSM_sequential_s_rx_state_reg[1]/C
  -------------------------------------------------------------------    -------------------
    SLICE_X8Y2           FDRE (Prop_fdre_C_Q)         0.164     1.816 r  U17/FSM_sequential_s_rx_state_reg[1]/Q
                         net (fo=10, estimated)       0.203     2.018    U17/s_rx_state__0[1]
    SLICE_X8Y2           LUT5 (Prop_lut5_I4_O)        0.045     2.063 r  U17/FSM_sequential_s_rx_state[0]_i_1/O
                         net (fo=1, routed)           0.000     2.063    U17/FSM_sequential_s_rx_state[0]_i_1_n_1
    SLICE_X8Y2           FDRE                                         r  U17/FSM_sequential_s_rx_state_reg[0]/D
  -------------------------------------------------------------------    -------------------

                         (clock sys_clk_pin rise edge)
                                                      0.000     0.000 r  
    F14                                               0.000     0.000 r  CLK_12MHz (IN)
                         net (fo=0)                   0.000     0.000    CLK_12MHz
    F14                  IBUF (Prop_ibuf_I_O)         0.414     0.414 r  CLK_12MHz_IBUF_inst/O
                         net (fo=1, estimated)        0.875     1.289    CLK_12MHz_IBUF
    BUFGCTRL_X0Y16       BUFG (Prop_bufg_I_O)         0.029     1.318 r  CLK_12MHz_IBUF_BUFG_inst/O
                         net (fo=879, estimated)      0.838     2.156    U17/CLK_12MHz_IBUF_BUFG
    SLICE_X8Y2           FDRE                                         r  U17/FSM_sequential_s_rx_state_reg[0]/C
                         clock pessimism             -0.488     1.668    
    SLICE_X8Y2           FDRE (Hold_fdre_C_D)         0.121     1.789    U17/FSM_sequential_s_rx_state_reg[0]
  -------------------------------------------------------------------
                         required time                         -1.789    
                         arrival time                           2.063    
  -------------------------------------------------------------------
                         slack                                  0.275    





Pulse Width Checks
--------------------------------------------------------------------------------------
Clock Name:         sys_clk_pin
Waveform(ns):       { 0.000 41.667 }
Period(ns):         83.333
Sources:            { CLK_12MHz }

Check Type        Corner  Lib Pin      Reference Pin  Required(ns)  Actual(ns)  Slack(ns)  Location        Pin
Min Period        n/a     BUFG/I       n/a            2.155         83.333      81.178     BUFGCTRL_X0Y16  CLK_12MHz_IBUF_BUFG_inst/I
Low Pulse Width   Slow    RAMD64E/CLK  n/a            1.250         41.666      40.416     SLICE_X14Y41    U25/ROM_reg_r1_0_63_0_2/RAMA/CLK
High Pulse Width  Slow    RAMD64E/CLK  n/a            1.250         41.667      40.417     SLICE_X14Y41    U25/ROM_reg_r1_0_63_0_2/RAMA/CLK



