#-----------------------------------------------------------
# Vivado v2021.1 (64-bit)
# SW Build 3247384 on Thu Jun 10 19:36:33 MDT 2021
# IP Build 3246043 on Fri Jun 11 00:30:35 MDT 2021
# Start of session at: Sat Oct  8 20:16:29 2022
# Process ID: 20360
# Current directory: D:/Programy/ActiveHDL/My_Designs/Soutys8_GitHub/Soutys8/implement
# Command line: vivado.exe -mode batch -log vivado.log -journal transcript.log -source D:/Programy/ActiveHDL/My_Designs/Soutys8_GitHub/Soutys8/implement/run_vivado.tcl
# Log file: D:/Programy/ActiveHDL/My_Designs/Soutys8_GitHub/Soutys8/implement/vivado.log
# Journal file: D:/Programy/ActiveHDL/My_Designs/Soutys8_GitHub/Soutys8/implement\transcript.log
#-----------------------------------------------------------
source D:/Programy/ActiveHDL/My_Designs/Soutys8_GitHub/Soutys8/implement/run_vivado.tcl
# create_project -force top {D:\Programy\ActiveHDL\My_Designs\Soutys8_GitHub\Soutys8\implement} -part 7s50csga324-1
create_project: Time (s): cpu = 00:00:06 ; elapsed = 00:00:08 . Memory (MB): peak = 1132.160 ; gain = 11.379
# set_property design_mode GateLvl [current_fileset]
INFO: [Vivado 12-3498] Setting project source management mode (property SOURCE_MGMT_MODE) to "None".
# set_property top top [current_fileset]
# set_property XPM_LIBRARIES {XPM_CDC XPM_MEMORY} [current_project]
# add_files -norecurse {D:\Programy\ActiveHDL\My_Designs\Soutys8_GitHub\Soutys8\synthesis\top.edn}
# read_xdc {D:\Programy\ActiveHDL\My_Designs\Soutys8_GitHub\Soutys8\src\constraints\Arty-S7-50-Master.xdc}
# link_design
Command: link_design
Design is defaulting to srcset: sources_1
Design is defaulting to constrset: constrs_1
Design is defaulting to project part: xc7s50csga324-1
INFO: [Device 21-403] Loading part xc7s50csga324-1
Parsing EDIF File [D:/Programy/ActiveHDL/My_Designs/Soutys8_GitHub/Soutys8/synthesis/top.edn]
Finished Parsing EDIF File [D:/Programy/ActiveHDL/My_Designs/Soutys8_GitHub/Soutys8/synthesis/top.edn]
Netlist sorting complete. Time (s): cpu = 00:00:00 ; elapsed = 00:00:00.422 . Memory (MB): peak = 1132.160 ; gain = 0.000
INFO: [Netlist 29-17] Analyzing 10128 Unisim elements for replacement
INFO: [Netlist 29-28] Unisim Transformation completed in 1 CPU seconds
WARNING: [Netlist 29-43] Netlist 'top' is not ideal for floorplanning, since the cellview 'SRAM' defined in file 'top.edn' contains large number of primitives.  Please consider enabling hierarchy in synthesis if you want to do floorplanning.
INFO: [Project 1-479] Netlist was created with Vivado 2021.1
INFO: [Project 1-570] Preparing netlist for logic optimization
Parsing XDC File [D:/Programy/ActiveHDL/My_Designs/Soutys8_GitHub/Soutys8/src/constraints/Arty-S7-50-Master.xdc]
Finished Parsing XDC File [D:/Programy/ActiveHDL/My_Designs/Soutys8_GitHub/Soutys8/src/constraints/Arty-S7-50-Master.xdc]
INFO: [Opt 31-138] Pushed 0 inverter(s) to 0 load pin(s).
Netlist sorting complete. Time (s): cpu = 00:00:00 ; elapsed = 00:00:00.020 . Memory (MB): peak = 1132.160 ; gain = 0.000
INFO: [Project 1-111] Unisim Transformation Summary:
  A total of 128 instances were transformed.
  IOBUF => IOBUF (IBUF, OBUFT): 32 instances
  RAM64M => RAM64M (RAMD64E(x4)): 96 instances

7 Infos, 1 Warnings, 0 Critical Warnings and 0 Errors encountered.
link_design completed successfully
link_design: Time (s): cpu = 00:00:25 ; elapsed = 00:00:30 . Memory (MB): peak = 1132.160 ; gain = 0.000
# opt_design -verbose -directive Default
Command: opt_design -verbose -directive Default
INFO: [Vivado_Tcl 4-136] Directive used for opt_design is: Default
Attempting to get a license for feature 'Implementation' and/or device 'xc7s50'
INFO: [Common 17-349] Got license for feature 'Implementation' and/or device 'xc7s50'
Running DRC as a precondition to command opt_design

Starting DRC Task
INFO: [DRC 23-27] Running DRC with 2 threads
INFO: [Project 1-461] DRC finished with 0 Errors
INFO: [Project 1-462] Please refer to the DRC report (report_drc) for more information.

Time (s): cpu = 00:00:03 ; elapsed = 00:00:02 . Memory (MB): peak = 1132.160 ; gain = 0.000

Starting Cache Timing Information Task
INFO: [Timing 38-35] Done setting XDC timing constraints.
Ending Cache Timing Information Task | Checksum: 1c253c00b

Time (s): cpu = 00:00:18 ; elapsed = 00:00:18 . Memory (MB): peak = 1343.703 ; gain = 211.543

Starting Logic Optimization Task

Phase 1 Retarget
INFO: [Opt 31-442] LUT Reduction optimized 0 LUTs
INFO: [Opt 31-47] Cell absorbed into downstream logic: LUT1 cell U3/U2/U1/gpio_registers[37][0]_i_16 driving pin U3/U2/U1/s_read_data_reg[0]_i_34__0/I0 of U3/U2/U1/s_read_data_reg[0]_i_34__0.
INFO: [Opt 31-47] Cell absorbed into downstream logic: LUT1 cell U3/U2/U1/gpio_registers[37][0]_i_16 driving pin U3/U2/U1/gpio_registers[37][0]_i_7/I3 of U3/U2/U1/gpio_registers[37][0]_i_7.
INFO: [Opt 31-47] Cell absorbed into downstream logic: LUT1 cell U3/U2/U1/gpio_registers[37][0]_i_22 driving pin U3/U2/U1/gpio_registers[37][0]_i_14/I0 of U3/U2/U1/gpio_registers[37][0]_i_14.
INFO: [Opt 31-47] Cell absorbed into downstream logic: LUT1 cell U3/U2/U1/gpio_registers[37][0]_i_22 driving pin U3/U2/U1/s_read_data_reg[0]_i_36__0/I4 of U3/U2/U1/s_read_data_reg[0]_i_36__0.
INFO: [Opt 31-47] Cell absorbed into downstream logic: LUT1 cell U3/U2/U1/gpio_registers[37][0]_i_23 driving pin U3/U2/U1/s_read_data_reg[0]_i_35__0/I1 of U3/U2/U1/s_read_data_reg[0]_i_35__0.
INFO: [Opt 31-47] Cell absorbed into downstream logic: LUT1 cell U3/U2/U1/gpio_registers[37][0]_i_23 driving pin U3/U2/U1/gpio_registers[37][0]_i_14/I4 of U3/U2/U1/gpio_registers[37][0]_i_14.
INFO: [Opt 31-47] Cell absorbed into downstream logic: LUT1 cell U3/U2/U1/gpio_registers[37][0]_i_24 driving pin U3/U2/U1/gpio_registers[37][0]_i_17/I1 of U3/U2/U1/gpio_registers[37][0]_i_17.
INFO: [Opt 31-47] Cell absorbed into downstream logic: LUT1 cell U3/U2/U1/gpio_registers[37][0]_i_24 driving pin U3/U2/U1/s_read_data_reg[0]_i_34__0/I4 of U3/U2/U1/s_read_data_reg[0]_i_34__0.
INFO: [Opt 31-47] Cell absorbed into downstream logic: LUT1 cell U3/U2/U1/gpio_registers[37][1]_i_16 driving pin U24/gpio_registers[37][1]_i_8/I4 of U24/gpio_registers[37][1]_i_8.
INFO: [Opt 31-47] Cell absorbed into downstream logic: LUT1 cell U3/U2/U1/gpio_registers[37][1]_i_16 driving pin U3/U2/U1/s_read_data_reg[1]_i_36__0/I0 of U3/U2/U1/s_read_data_reg[1]_i_36__0.
INFO: [Opt 31-47] Cell absorbed into downstream logic: LUT1 cell U3/U2/U1/gpio_registers[37][2]_i_17 driving pin U3/U2/U1/s_read_data_reg[2]_i_46__0/I0 of U3/U2/U1/s_read_data_reg[2]_i_46__0.
INFO: [Opt 31-47] Cell absorbed into downstream logic: LUT1 cell U3/U2/U1/gpio_registers[37][2]_i_17 driving pin U3/U2/U1/gpio_registers[37][2]_i_8/I1 of U3/U2/U1/gpio_registers[37][2]_i_8.
INFO: [Opt 31-47] Cell absorbed into downstream logic: LUT1 cell U3/U2/U1/gpio_registers[37][3]_i_17 driving pin U3/U2/U1/s_read_data_reg[3]_i_34__0/I0 of U3/U2/U1/s_read_data_reg[3]_i_34__0.
INFO: [Opt 31-47] Cell absorbed into downstream logic: LUT1 cell U3/U2/U1/gpio_registers[37][3]_i_17 driving pin U3/U2/U1/gpio_registers[37][3]_i_8/I5 of U3/U2/U1/gpio_registers[37][3]_i_8.
INFO: [Opt 31-47] Cell absorbed into downstream logic: LUT1 cell U3/U2/U1/gpio_registers[37][4]_i_16 driving pin U3/U2/U1/s_read_data_reg[4]_i_34__0/I0 of U3/U2/U1/s_read_data_reg[4]_i_34__0.
INFO: [Opt 31-47] Cell absorbed into downstream logic: LUT1 cell U3/U2/U1/gpio_registers[37][4]_i_16 driving pin U3/U2/U1/gpio_registers[37][4]_i_7/I3 of U3/U2/U1/gpio_registers[37][4]_i_7.
INFO: [Opt 31-47] Cell absorbed into downstream logic: LUT1 cell U3/U2/U1/gpio_registers[37][4]_i_22 driving pin U3/U2/U1/gpio_registers[37][4]_i_14/I0 of U3/U2/U1/gpio_registers[37][4]_i_14.
INFO: [Opt 31-47] Cell absorbed into downstream logic: LUT1 cell U3/U2/U1/gpio_registers[37][4]_i_22 driving pin U3/U2/U1/s_read_data_reg[4]_i_36__0/I4 of U3/U2/U1/s_read_data_reg[4]_i_36__0.
INFO: [Opt 31-47] Cell absorbed into downstream logic: LUT1 cell U3/U2/U1/gpio_registers[37][4]_i_23 driving pin U3/U2/U1/s_read_data_reg[4]_i_35__0/I1 of U3/U2/U1/s_read_data_reg[4]_i_35__0.
INFO: [Opt 31-47] Cell absorbed into downstream logic: LUT1 cell U3/U2/U1/gpio_registers[37][4]_i_23 driving pin U3/U2/U1/gpio_registers[37][4]_i_14/I4 of U3/U2/U1/gpio_registers[37][4]_i_14.
INFO: [Opt 31-47] Cell absorbed into downstream logic: LUT1 cell U3/U2/U1/gpio_registers[37][4]_i_24 driving pin U3/U2/U1/gpio_registers[37][4]_i_17/I1 of U3/U2/U1/gpio_registers[37][4]_i_17.
INFO: [Opt 31-47] Cell absorbed into downstream logic: LUT1 cell U3/U2/U1/gpio_registers[37][4]_i_24 driving pin U3/U2/U1/s_read_data_reg[4]_i_34__0/I4 of U3/U2/U1/s_read_data_reg[4]_i_34__0.
INFO: [Opt 31-47] Cell absorbed into downstream logic: LUT1 cell U3/U2/U1/gpio_registers[37][5]_i_16 driving pin U3/U2/U1/s_read_data_reg[5]_i_28__0/I0 of U3/U2/U1/s_read_data_reg[5]_i_28__0.
INFO: [Opt 31-47] Cell absorbed into downstream logic: LUT1 cell U3/U2/U1/gpio_registers[37][5]_i_16 driving pin U3/U2/U1/gpio_registers[37][5]_i_7/I3 of U3/U2/U1/gpio_registers[37][5]_i_7.
INFO: [Opt 31-47] Cell absorbed into downstream logic: LUT1 cell U3/U2/U1/gpio_registers[37][5]_i_22 driving pin U3/U2/U1/gpio_registers[37][5]_i_14/I0 of U3/U2/U1/gpio_registers[37][5]_i_14.
INFO: [Opt 31-47] Cell absorbed into downstream logic: LUT1 cell U3/U2/U1/gpio_registers[37][5]_i_22 driving pin U3/U2/U1/s_read_data_reg[5]_i_26__0/I4 of U3/U2/U1/s_read_data_reg[5]_i_26__0.
INFO: [Opt 31-47] Cell absorbed into downstream logic: LUT1 cell U3/U2/U1/gpio_registers[37][5]_i_23 driving pin U3/U2/U1/s_read_data_reg[5]_i_25__0/I1 of U3/U2/U1/s_read_data_reg[5]_i_25__0.
INFO: [Opt 31-47] Cell absorbed into downstream logic: LUT1 cell U3/U2/U1/gpio_registers[37][5]_i_23 driving pin U3/U2/U1/gpio_registers[37][5]_i_14/I4 of U3/U2/U1/gpio_registers[37][5]_i_14.
INFO: [Opt 31-47] Cell absorbed into downstream logic: LUT1 cell U3/U2/U1/gpio_registers[37][5]_i_24 driving pin U3/U2/U1/gpio_registers[37][5]_i_17/I1 of U3/U2/U1/gpio_registers[37][5]_i_17.
INFO: [Opt 31-47] Cell absorbed into downstream logic: LUT1 cell U3/U2/U1/gpio_registers[37][5]_i_24 driving pin U3/U2/U1/s_read_data_reg[5]_i_28__0/I4 of U3/U2/U1/s_read_data_reg[5]_i_28__0.
INFO: [Opt 31-47] Cell absorbed into downstream logic: LUT1 cell U3/U2/U1/gpio_registers[37][6]_i_17 driving pin U3/U2/U1/s_read_data_reg[6]_i_34__0/I0 of U3/U2/U1/s_read_data_reg[6]_i_34__0.
INFO: [Opt 31-47] Cell absorbed into downstream logic: LUT1 cell U3/U2/U1/gpio_registers[37][6]_i_17 driving pin U3/U2/U1/gpio_registers[37][6]_i_8/I1 of U3/U2/U1/gpio_registers[37][6]_i_8.
INFO: [Opt 31-47] Cell absorbed into downstream logic: LUT1 cell U3/U2/U1/gpio_registers[37][7]_i_22 driving pin U3/U2/U1/s_read_data_reg[7]_i_40__0/I0 of U3/U2/U1/s_read_data_reg[7]_i_40__0.
INFO: [Opt 31-47] Cell absorbed into downstream logic: LUT1 cell U3/U2/U1/gpio_registers[37][7]_i_22 driving pin U3/U2/U1/gpio_registers[37][7]_i_13/I1 of U3/U2/U1/gpio_registers[37][7]_i_13.
INFO: [Opt 31-47] Cell absorbed into downstream logic: LUT1 cell U3/U2/U1/s_read_data_reg[1]_i_39__0 driving pin U3/U2/U1/gpio_registers[37][1]_i_17/I1 of U3/U2/U1/gpio_registers[37][1]_i_17.
INFO: [Opt 31-47] Cell absorbed into downstream logic: LUT1 cell U3/U2/U1/s_read_data_reg[1]_i_39__0 driving pin U3/U2/U1/s_read_data_reg[1]_i_36__0/I4 of U3/U2/U1/s_read_data_reg[1]_i_36__0.
INFO: [Opt 31-47] Cell absorbed into downstream logic: LUT1 cell U3/U2/U1/s_read_data_reg[1]_i_40__0 driving pin U3/U2/U1/s_read_data_reg[1]_i_37__0/I1 of U3/U2/U1/s_read_data_reg[1]_i_37__0.
INFO: [Opt 31-47] Cell absorbed into downstream logic: LUT1 cell U3/U2/U1/s_read_data_reg[1]_i_40__0 driving pin U3/U2/U1/gpio_registers[37][1]_i_18/I5 of U3/U2/U1/gpio_registers[37][1]_i_18.
INFO: [Opt 31-47] Cell absorbed into downstream logic: LUT1 cell U3/U2/U1/s_read_data_reg[1]_i_41__0 driving pin U3/U2/U1/gpio_registers[37][1]_i_18/I0 of U3/U2/U1/gpio_registers[37][1]_i_18.
INFO: [Opt 31-47] Cell absorbed into downstream logic: LUT1 cell U3/U2/U1/s_read_data_reg[1]_i_41__0 driving pin U3/U2/U1/s_read_data_reg[1]_i_38__0/I4 of U3/U2/U1/s_read_data_reg[1]_i_38__0.
INFO: [Opt 31-47] Cell absorbed into downstream logic: LUT1 cell U3/U2/U1/s_read_data_reg[2]_i_47__0 driving pin U3/U2/U1/s_read_data_reg[2]_i_26__0/I1 of U3/U2/U1/s_read_data_reg[2]_i_26__0.
INFO: [Opt 31-47] Cell absorbed into downstream logic: LUT1 cell U3/U2/U1/s_read_data_reg[2]_i_47__0 driving pin U3/U2/U1/gpio_registers[37][2]_i_18/I5 of U3/U2/U1/gpio_registers[37][2]_i_18.
INFO: [Opt 31-47] Cell absorbed into downstream logic: LUT1 cell U3/U2/U1/s_read_data_reg[2]_i_48__0 driving pin U3/U2/U1/gpio_registers[37][2]_i_18/I0 of U3/U2/U1/gpio_registers[37][2]_i_18.
INFO: [Opt 31-47] Cell absorbed into downstream logic: LUT1 cell U3/U2/U1/s_read_data_reg[2]_i_48__0 driving pin U3/U2/U1/s_read_data_reg[2]_i_27__0/I4 of U3/U2/U1/s_read_data_reg[2]_i_27__0.
INFO: [Opt 31-47] Cell absorbed into downstream logic: LUT1 cell U3/U2/U1/s_read_data_reg[2]_i_55__0 driving pin U3/U2/U1/gpio_registers[37][2]_i_16/I1 of U3/U2/U1/gpio_registers[37][2]_i_16.
INFO: [Opt 31-47] Cell absorbed into downstream logic: LUT1 cell U3/U2/U1/s_read_data_reg[2]_i_55__0 driving pin U3/U2/U1/s_read_data_reg[2]_i_46__0/I4 of U3/U2/U1/s_read_data_reg[2]_i_46__0.
INFO: [Opt 31-47] Cell absorbed into downstream logic: LUT1 cell U3/U2/U1/s_read_data_reg[3]_i_37__0 driving pin U3/U2/U1/s_read_data_reg[3]_i_34__0/I4 of U3/U2/U1/s_read_data_reg[3]_i_34__0.
INFO: [Opt 31-47] Cell absorbed into downstream logic: LUT1 cell U3/U2/U1/s_read_data_reg[3]_i_37__0 driving pin U3/U2/U1/gpio_registers[37][3]_i_16/I5 of U3/U2/U1/gpio_registers[37][3]_i_16.
INFO: [Opt 31-47] Cell absorbed into downstream logic: LUT1 cell U3/U2/U1/s_read_data_reg[3]_i_38__0 driving pin U3/U2/U1/s_read_data_reg[3]_i_35__0/I1 of U3/U2/U1/s_read_data_reg[3]_i_35__0.
INFO: [Opt 31-47] Cell absorbed into downstream logic: LUT1 cell U3/U2/U1/s_read_data_reg[3]_i_38__0 driving pin U3/U2/U1/gpio_registers[37][3]_i_18/I5 of U3/U2/U1/gpio_registers[37][3]_i_18.
INFO: [Opt 31-47] Cell absorbed into downstream logic: LUT1 cell U3/U2/U1/s_read_data_reg[3]_i_39__0 driving pin U3/U2/U1/gpio_registers[37][3]_i_18/I0 of U3/U2/U1/gpio_registers[37][3]_i_18.
INFO: [Opt 31-47] Cell absorbed into downstream logic: LUT1 cell U3/U2/U1/s_read_data_reg[3]_i_39__0 driving pin U3/U2/U1/s_read_data_reg[3]_i_36__0/I4 of U3/U2/U1/s_read_data_reg[3]_i_36__0.
INFO: [Opt 31-47] Cell absorbed into downstream logic: LUT1 cell U3/U2/U1/s_read_data_reg[6]_i_37__0 driving pin U3/U2/U1/s_read_data_reg[6]_i_34__0/I4 of U3/U2/U1/s_read_data_reg[6]_i_34__0.
INFO: [Opt 31-47] Cell absorbed into downstream logic: LUT1 cell U3/U2/U1/s_read_data_reg[6]_i_37__0 driving pin U3/U2/U1/gpio_registers[37][6]_i_16/I5 of U3/U2/U1/gpio_registers[37][6]_i_16.
INFO: [Opt 31-47] Cell absorbed into downstream logic: LUT1 cell U3/U2/U1/s_read_data_reg[6]_i_38__0 driving pin U3/U2/U1/s_read_data_reg[6]_i_35__0/I1 of U3/U2/U1/s_read_data_reg[6]_i_35__0.
INFO: [Opt 31-47] Cell absorbed into downstream logic: LUT1 cell U3/U2/U1/s_read_data_reg[6]_i_38__0 driving pin U3/U2/U1/gpio_registers[37][6]_i_18/I5 of U3/U2/U1/gpio_registers[37][6]_i_18.
INFO: [Opt 31-47] Cell absorbed into downstream logic: LUT1 cell U3/U2/U1/s_read_data_reg[6]_i_39__0 driving pin U3/U2/U1/gpio_registers[37][6]_i_18/I0 of U3/U2/U1/gpio_registers[37][6]_i_18.
INFO: [Opt 31-47] Cell absorbed into downstream logic: LUT1 cell U3/U2/U1/s_read_data_reg[6]_i_39__0 driving pin U3/U2/U1/s_read_data_reg[6]_i_36__0/I4 of U3/U2/U1/s_read_data_reg[6]_i_36__0.
INFO: [Opt 31-47] Cell absorbed into downstream logic: LUT1 cell U3/U2/U1/s_read_data_reg[7]_i_43__0 driving pin U3/U2/U1/gpio_registers[37][7]_i_21/I1 of U3/U2/U1/gpio_registers[37][7]_i_21.
INFO: [Opt 31-47] Cell absorbed into downstream logic: LUT1 cell U3/U2/U1/s_read_data_reg[7]_i_43__0 driving pin U3/U2/U1/s_read_data_reg[7]_i_40__0/I4 of U3/U2/U1/s_read_data_reg[7]_i_40__0.
INFO: [Opt 31-47] Cell absorbed into downstream logic: LUT1 cell U3/U2/U1/s_read_data_reg[7]_i_44__0 driving pin U3/U2/U1/s_read_data_reg[7]_i_41__0/I1 of U3/U2/U1/s_read_data_reg[7]_i_41__0.
INFO: [Opt 31-47] Cell absorbed into downstream logic: LUT1 cell U3/U2/U1/s_read_data_reg[7]_i_44__0 driving pin U3/U2/U1/gpio_registers[37][7]_i_23/I5 of U3/U2/U1/gpio_registers[37][7]_i_23.
INFO: [Opt 31-47] Cell absorbed into downstream logic: LUT1 cell U3/U2/U1/s_read_data_reg[7]_i_45__0 driving pin U3/U2/U1/gpio_registers[37][7]_i_23/I0 of U3/U2/U1/gpio_registers[37][7]_i_23.
INFO: [Opt 31-47] Cell absorbed into downstream logic: LUT1 cell U3/U2/U1/s_read_data_reg[7]_i_45__0 driving pin U3/U2/U1/s_read_data_reg[7]_i_42__0/I4 of U3/U2/U1/s_read_data_reg[7]_i_42__0.
INFO: [Opt 31-138] Pushed 32 inverter(s) to 64 load pin(s).
INFO: [Opt 31-49] Retargeted 0 cell(s).
Phase 1 Retarget | Checksum: 1f2ff3af3

Time (s): cpu = 00:00:04 ; elapsed = 00:00:03 . Memory (MB): peak = 1563.570 ; gain = 0.000
INFO: [Opt 31-389] Phase Retarget created 0 cells and removed 32 cells

Phase 2 Constant propagation
INFO: [Opt 31-442] LUT Reduction optimized 0 LUTs
INFO: [Opt 31-138] Pushed 0 inverter(s) to 0 load pin(s).
Phase 2 Constant propagation | Checksum: 1f2ff3af3

Time (s): cpu = 00:00:05 ; elapsed = 00:00:04 . Memory (MB): peak = 1563.570 ; gain = 0.000
INFO: [Opt 31-389] Phase Constant propagation created 0 cells and removed 0 cells

Phase 3 Sweep
INFO: [Opt 31-131] Removed net: U17/s_data_address_reg[0]_i_2_n_1
INFO: [Opt 31-131] Removed net: U17/s_data_address_reg[0]_i_2_n_2
INFO: [Opt 31-131] Removed net: U17/s_data_address_reg[0]_i_2_n_3
INFO: [Opt 31-131] Removed net: U17/s_data_address_reg[4]_i_1_n_1
INFO: [Opt 31-131] Removed net: U17/s_data_address_reg[4]_i_1_n_2
INFO: [Opt 31-131] Removed net: U17/s_data_address_reg[4]_i_1_n_3
INFO: [Opt 31-131] Removed net: U23/plusOp__24_carry__0_n_1
INFO: [Opt 31-131] Removed net: U23/plusOp__24_carry__0_n_2
INFO: [Opt 31-131] Removed net: U23/plusOp__24_carry__0_n_3
INFO: [Opt 31-131] Removed net: U23/plusOp__24_carry_n_1
INFO: [Opt 31-131] Removed net: U23/plusOp__24_carry_n_2
INFO: [Opt 31-131] Removed net: U23/plusOp__24_carry_n_3
INFO: [Opt 31-131] Removed net: U23/plusOp_carry__0_n_1
INFO: [Opt 31-131] Removed net: U23/plusOp_carry__0_n_2
INFO: [Opt 31-131] Removed net: U23/plusOp_carry__0_n_3
INFO: [Opt 31-131] Removed net: U23/plusOp_carry_n_1
INFO: [Opt 31-131] Removed net: U23/plusOp_carry_n_2
INFO: [Opt 31-131] Removed net: U23/plusOp_carry_n_3
INFO: [Opt 31-131] Removed net: U24/s_instruction_type1__7_carry__0_n_1
INFO: [Opt 31-131] Removed net: U24/s_instruction_type1__7_carry__0_n_2
INFO: [Opt 31-131] Removed net: U24/s_instruction_type1__7_carry__0_n_3
INFO: [Opt 31-131] Removed net: U24/s_instruction_type1__7_carry_n_1
INFO: [Opt 31-131] Removed net: U24/s_instruction_type1__7_carry_n_2
INFO: [Opt 31-131] Removed net: U24/s_instruction_type1__7_carry_n_3
INFO: [Opt 31-131] Removed net: U24/s_instruction_type1_carry__0_n_1
INFO: [Opt 31-131] Removed net: U24/s_instruction_type1_carry__0_n_2
INFO: [Opt 31-131] Removed net: U24/s_instruction_type1_carry__0_n_3
INFO: [Opt 31-131] Removed net: U24/s_instruction_type1_carry_n_1
INFO: [Opt 31-131] Removed net: U24/s_instruction_type1_carry_n_2
INFO: [Opt 31-131] Removed net: U24/s_instruction_type1_carry_n_3
INFO: [Opt 31-131] Removed net: U24/s_read_data_reg[7]_i_2_n_1
INFO: [Opt 31-131] Removed net: U24/s_read_data_reg[7]_i_2_n_2
INFO: [Opt 31-131] Removed net: U24/s_read_data_reg[7]_i_2_n_3
INFO: [Opt 31-131] Removed net: U24/s_read_data_reg[7]_i_6_n_1
INFO: [Opt 31-131] Removed net: U24/s_read_data_reg[7]_i_6_n_2
INFO: [Opt 31-131] Removed net: U24/s_read_data_reg[7]_i_6_n_3
INFO: [Opt 31-131] Removed net: U25/s_control_reg[6]_i_5_n_3
INFO: [Opt 31-131] Removed net: U25/s_control_reg[6]_i_8_n_1
INFO: [Opt 31-131] Removed net: U25/s_control_reg[6]_i_8_n_2
INFO: [Opt 31-131] Removed net: U25/s_control_reg[6]_i_8_n_3
INFO: [Opt 31-131] Removed net: U25/s_stack_pointer_reg[0]_i_2_n_1
INFO: [Opt 31-131] Removed net: U25/s_stack_pointer_reg[0]_i_2_n_2
INFO: [Opt 31-131] Removed net: U25/s_stack_pointer_reg[0]_i_2_n_3
INFO: [Opt 31-131] Removed net: U25/s_stack_pointer_reg[4]_i_1_n_1
INFO: [Opt 31-131] Removed net: U25/s_stack_pointer_reg[4]_i_1_n_2
INFO: [Opt 31-131] Removed net: U25/s_stack_pointer_reg[4]_i_1_n_3
INFO: [Opt 31-131] Removed net: U25/s_stack_pointer_reg[8]_i_1_n_1
INFO: [Opt 31-131] Removed net: U25/s_stack_pointer_reg[8]_i_1_n_2
INFO: [Opt 31-131] Removed net: U25/s_stack_pointer_reg[8]_i_1_n_3
INFO: [Opt 31-131] Removed net: U3/U2/U1/s_read_data1__7_carry__0_n_1
INFO: [Opt 31-131] Removed net: U3/U2/U1/s_read_data1__7_carry__0_n_2
INFO: [Opt 31-131] Removed net: U3/U2/U1/s_read_data1__7_carry__0_n_3
INFO: [Opt 31-131] Removed net: U3/U2/U1/s_read_data1__7_carry_n_1
INFO: [Opt 31-131] Removed net: U3/U2/U1/s_read_data1__7_carry_n_2
INFO: [Opt 31-131] Removed net: U3/U2/U1/s_read_data1__7_carry_n_3
INFO: [Opt 31-131] Removed net: U3/U2/U1/s_read_data1_carry__0_n_1
INFO: [Opt 31-131] Removed net: U3/U2/U1/s_read_data1_carry__0_n_2
INFO: [Opt 31-131] Removed net: U3/U2/U1/s_read_data1_carry__0_n_3
INFO: [Opt 31-131] Removed net: U3/U2/U1/s_read_data1_carry_n_1
INFO: [Opt 31-131] Removed net: U3/U2/U1/s_read_data1_carry_n_2
INFO: [Opt 31-131] Removed net: U3/U2/U1/s_read_data1_carry_n_3
INFO: [Opt 31-131] Removed net: U3/U3/s_stack_pointer_reg[0]_i_14_n_1
INFO: [Opt 31-131] Removed net: U3/U3/s_stack_pointer_reg[0]_i_14_n_2
INFO: [Opt 31-131] Removed net: U3/U3/s_stack_pointer_reg[0]_i_14_n_3
INFO: [Opt 31-131] Removed net: U3/U3/s_stack_pointer_reg[0]_i_18_n_1
INFO: [Opt 31-131] Removed net: U3/U3/s_stack_pointer_reg[0]_i_18_n_2
INFO: [Opt 31-131] Removed net: U3/U3/s_stack_pointer_reg[0]_i_18_n_3
INFO: [Opt 31-131] Removed net: U3/U3/s_stack_pointer_reg[0]_i_5_n_3
INFO: [Opt 31-131] Removed net: U3/U3/s_stack_pointer_reg[0]_i_6_n_3
INFO: [Opt 31-131] Removed net: U4/s_result_reg[3]_i_1_n_1
INFO: [Opt 31-131] Removed net: U4/s_result_reg[3]_i_1_n_2
INFO: [Opt 31-131] Removed net: U4/s_result_reg[3]_i_1_n_3
INFO: [Opt 31-131] Removed net: U4/s_result_reg[7]_i_1_n_1
INFO: [Opt 31-131] Removed net: U4/s_result_reg[7]_i_1_n_2
INFO: [Opt 31-131] Removed net: U4/s_result_reg[7]_i_1_n_3
INFO: [Opt 31-131] Removed net: U5/minusOp_carry__0_n_1
INFO: [Opt 31-131] Removed net: U5/minusOp_carry__0_n_2
INFO: [Opt 31-131] Removed net: U5/minusOp_carry__0_n_3
INFO: [Opt 31-131] Removed net: U5/minusOp_carry_n_1
INFO: [Opt 31-131] Removed net: U5/minusOp_carry_n_2
INFO: [Opt 31-131] Removed net: U5/minusOp_carry_n_3
INFO: [Opt 31-131] Removed net: U5/plusOp_carry__0_n_1
INFO: [Opt 31-131] Removed net: U5/plusOp_carry__0_n_2
INFO: [Opt 31-131] Removed net: U5/plusOp_carry__0_n_3
INFO: [Opt 31-131] Removed net: U5/plusOp_carry_n_1
INFO: [Opt 31-131] Removed net: U5/plusOp_carry_n_2
INFO: [Opt 31-131] Removed net: U5/plusOp_carry_n_3
INFO: [Opt 31-54] Cell has no loads and is removed: LUT1 i_0.
Phase 3 Sweep | Checksum: 1e399b212

Time (s): cpu = 00:00:06 ; elapsed = 00:00:05 . Memory (MB): peak = 1563.570 ; gain = 0.000
INFO: [Opt 31-389] Phase Sweep created 0 cells and removed 1 cells

Phase 4 BUFG optimization
Phase 4 BUFG optimization | Checksum: 1e399b212

Time (s): cpu = 00:00:07 ; elapsed = 00:00:06 . Memory (MB): peak = 1563.570 ; gain = 0.000
INFO: [Opt 31-662] Phase BUFG optimization created 0 cells of which 0 are BUFGs and removed 0 cells.

Phase 5 Shift Register Optimization
INFO: [Opt 31-1064] SRL Remap converted 0 SRLs to 0 registers and converted 0 registers of register chains to 0 SRLs
Phase 5 Shift Register Optimization | Checksum: 1e399b212

Time (s): cpu = 00:00:07 ; elapsed = 00:00:06 . Memory (MB): peak = 1563.570 ; gain = 0.000
INFO: [Opt 31-389] Phase Shift Register Optimization created 0 cells and removed 0 cells

Phase 6 Post Processing Netlist
Phase 6 Post Processing Netlist | Checksum: 1e399b212

Time (s): cpu = 00:00:07 ; elapsed = 00:00:07 . Memory (MB): peak = 1563.570 ; gain = 0.000
INFO: [Opt 31-389] Phase Post Processing Netlist created 0 cells and removed 0 cells
Opt_design Change Summary
=========================


-------------------------------------------------------------------------------------------------------------------------
|  Phase                        |  #Cells created  |  #Cells Removed  |  #Constrained objects preventing optimizations  |
-------------------------------------------------------------------------------------------------------------------------
|  Retarget                     |               0  |              32  |                                              0  |
|  Constant propagation         |               0  |               0  |                                              0  |
|  Sweep                        |               0  |               1  |                                              0  |
|  BUFG optimization            |               0  |               0  |                                              0  |
|  Shift Register Optimization  |               0  |               0  |                                              0  |
|  Post Processing Netlist      |               0  |               0  |                                              0  |
-------------------------------------------------------------------------------------------------------------------------



Starting Connectivity Check Task

Time (s): cpu = 00:00:00 ; elapsed = 00:00:00.160 . Memory (MB): peak = 1563.570 ; gain = 0.000
Ending Logic Optimization Task | Checksum: 11154dac3

Time (s): cpu = 00:00:08 ; elapsed = 00:00:07 . Memory (MB): peak = 1563.570 ; gain = 0.000

Starting Power Optimization Task
Begin power optimizations | Checksum: 11154dac3
INFO: [Pwropt 34-132] Skipping clock gating for clocks with a period < 2.00 ns.
INFO: [Pwropt 34-50] Optimizing power for module top ...
INFO: [Pwropt 34-167] No BRAM present in this design. Skipping BRAM power optimization.
End power optimizations | Checksum: 11154dac3
Power optimization: Time (s): cpu = 00:00:00 ; elapsed = 00:00:00.092 . Memory (MB): peak = 1563.570 ; gain = 0.000
INFO: [Pwropt 34-198] Malloced memory gain at end of power optimization: 0 bytes
Ending Power Optimization Task | Checksum: 11154dac3

Time (s): cpu = 00:00:00 ; elapsed = 00:00:00.094 . Memory (MB): peak = 1563.570 ; gain = 0.000

Starting Final Cleanup Task
Ending Final Cleanup Task | Checksum: 11154dac3

Time (s): cpu = 00:00:00 ; elapsed = 00:00:00 . Memory (MB): peak = 1563.570 ; gain = 0.000

Starting Netlist Obfuscation Task
Netlist sorting complete. Time (s): cpu = 00:00:00 ; elapsed = 00:00:00.020 . Memory (MB): peak = 1563.570 ; gain = 0.000
Ending Netlist Obfuscation Task | Checksum: 11154dac3

Time (s): cpu = 00:00:00 ; elapsed = 00:00:00.020 . Memory (MB): peak = 1563.570 ; gain = 0.000
INFO: [Common 17-83] Releasing license: Implementation
175 Infos, 0 Warnings, 0 Critical Warnings and 0 Errors encountered.
opt_design completed successfully
opt_design: Time (s): cpu = 00:00:34 ; elapsed = 00:00:34 . Memory (MB): peak = 1563.570 ; gain = 431.410
# write_checkpoint -force {top_opt.dcp}
INFO: [Timing 38-480] Writing timing data to binary archive.
Writing placer database...
Writing XDEF routing.
Writing XDEF routing logical nets.
Writing XDEF routing special nets.
Write XDEF Complete: Time (s): cpu = 00:00:00 ; elapsed = 00:00:00.120 . Memory (MB): peak = 1563.570 ; gain = 0.000
INFO: [Common 17-1381] The checkpoint 'D:/Programy/ActiveHDL/My_Designs/Soutys8_GitHub/Soutys8/implement/top_opt.dcp' has been generated.
write_checkpoint: Time (s): cpu = 00:00:14 ; elapsed = 00:00:10 . Memory (MB): peak = 1563.570 ; gain = 0.000
# write_qor_suggestions -force {top_opt.rqs}
INFO: [Implflow 47-774] No rqs file generated as no suggestions are available.
# catch { report_drc -file {top_opted.rpt} }
Command: report_drc -file top_opted.rpt
INFO: [IP_Flow 19-234] Refreshing IP repositories
INFO: [IP_Flow 19-1704] No user IP repositories specified
INFO: [IP_Flow 19-2313] Loaded Vivado IP repository 'D:/Programy/Vivado/Vivado/2021.1/data/ip'.
INFO: [Timing 38-35] Done setting XDC timing constraints.
INFO: [DRC 23-27] Running DRC with 2 threads
INFO: [Vivado_Tcl 2-168] The results of DRC are in file D:/Programy/ActiveHDL/My_Designs/Soutys8_GitHub/Soutys8/implement/top_opted.rpt.
report_drc completed successfully
report_drc: Time (s): cpu = 00:00:24 ; elapsed = 00:00:16 . Memory (MB): peak = 1639.977 ; gain = 76.406
# catch { report_qor_suggestions -file {top_rqs_opted.rpt} }
Command: report_qor_suggestions -file top_rqs_opted.rpt
RQA Time (s): cpu = 00:00:16 ; elapsed = 00:00:12 . Memory (MB): peak = 1639.977 ; gain = 0.000
report_qor_suggestions completed successfully
report_qor_suggestions: Time (s): cpu = 00:00:16 ; elapsed = 00:00:12 . Memory (MB): peak = 1639.977 ; gain = 0.000
# place_design -verbose -directive Default
Command: place_design -verbose -directive Default
Attempting to get a license for feature 'Implementation' and/or device 'xc7s50'
INFO: [Common 17-349] Got license for feature 'Implementation' and/or device 'xc7s50'
INFO: [DRC 23-27] Running DRC with 2 threads
INFO: [Vivado_Tcl 4-198] DRC finished with 0 Errors
INFO: [Vivado_Tcl 4-199] Please refer to the DRC report (report_drc) for more information.
Running DRC as a precondition to command place_design
INFO: [DRC 23-27] Running DRC with 2 threads
INFO: [Vivado_Tcl 4-198] DRC finished with 0 Errors
INFO: [Vivado_Tcl 4-199] Please refer to the DRC report (report_drc) for more information.

Starting Placer Task
INFO: [Place 46-5] The placer was invoked with the 'Default' directive.
INFO: [Place 30-611] Multithreading enabled for place_design using a maximum of 2 CPUs

Phase 1 Placer Initialization

Phase 1.1 Placer Initialization Netlist Sorting
Netlist sorting complete. Time (s): cpu = 00:00:00 ; elapsed = 00:00:00.022 . Memory (MB): peak = 1648.398 ; gain = 0.000
Phase 1.1 Placer Initialization Netlist Sorting | Checksum: a449ec9a

Time (s): cpu = 00:00:00 ; elapsed = 00:00:00.077 . Memory (MB): peak = 1648.398 ; gain = 0.000
Netlist sorting complete. Time (s): cpu = 00:00:00 ; elapsed = 00:00:00.022 . Memory (MB): peak = 1648.398 ; gain = 0.000

Phase 1.2 IO Placement/ Clock Placement/ Build Placer Device
Phase 1.2 IO Placement/ Clock Placement/ Build Placer Device | Checksum: eb5d68e0

Time (s): cpu = 00:00:07 ; elapsed = 00:00:06 . Memory (MB): peak = 1648.398 ; gain = 0.000

Phase 1.3 Build Placer Netlist Model
Phase 1.3 Build Placer Netlist Model | Checksum: 1764ddb03

Time (s): cpu = 00:00:23 ; elapsed = 00:00:17 . Memory (MB): peak = 1695.016 ; gain = 46.617

Phase 1.4 Constrain Clocks/Macros
Phase 1.4 Constrain Clocks/Macros | Checksum: 1764ddb03

Time (s): cpu = 00:00:24 ; elapsed = 00:00:18 . Memory (MB): peak = 1695.016 ; gain = 46.617
Phase 1 Placer Initialization | Checksum: 1764ddb03

Time (s): cpu = 00:00:24 ; elapsed = 00:00:18 . Memory (MB): peak = 1695.016 ; gain = 46.617

Phase 2 Global Placement

Phase 2.1 Floorplanning
Phase 2.1 Floorplanning | Checksum: 10ccbddd7

Time (s): cpu = 00:00:25 ; elapsed = 00:00:19 . Memory (MB): peak = 1695.016 ; gain = 46.617

Phase 2.2 Update Timing before SLR Path Opt
Phase 2.2 Update Timing before SLR Path Opt | Checksum: 1978416d1

Time (s): cpu = 00:00:25 ; elapsed = 00:00:19 . Memory (MB): peak = 1695.016 ; gain = 46.617

Phase 2.3 Post-Processing in Floorplanning
Phase 2.3 Post-Processing in Floorplanning | Checksum: 1978416d1

Time (s): cpu = 00:00:26 ; elapsed = 00:00:19 . Memory (MB): peak = 1695.016 ; gain = 46.617

Phase 2.4 Global Placement Core

Phase 2.4.1 Physical Synthesis In Placer
INFO: [Physopt 32-1035] Found 0 LUTNM shape to break, 92 LUT instances to create LUTNM shape
INFO: [Physopt 32-1044] Break lutnm for timing: one critical 0, two critical 0, total 0, new lutff created 0
INFO: [Physopt 32-1138] End 1 Pass. Optimized 44 nets or LUTs. Breaked 0 LUT, combined 44 existing LUTs and moved 0 existing LUT
INFO: [Physopt 32-65] No nets found for high-fanout optimization.
INFO: [Physopt 32-232] Optimized 0 net. Created 0 new instance.
INFO: [Physopt 32-775] End 1 Pass. Optimized 0 net or cell. Created 0 new cell, deleted 0 existing cell and moved 0 existing cell
INFO: [Physopt 32-670] No setup violation found.  DSP Register Optimization was not performed.
INFO: [Physopt 32-670] No setup violation found.  Shift Register to Pipeline Optimization was not performed.
INFO: [Physopt 32-670] No setup violation found.  Shift Register Optimization was not performed.
INFO: [Physopt 32-670] No setup violation found.  BRAM Register Optimization was not performed.
INFO: [Physopt 32-670] No setup violation found.  URAM Register Optimization was not performed.
INFO: [Physopt 32-949] No candidate nets found for dynamic/static region interface net replication
INFO: [Physopt 32-775] End 1 Pass. Optimized 0 net or cell. Created 0 new cell, deleted 0 existing cell and moved 0 existing cell
Netlist sorting complete. Time (s): cpu = 00:00:00 ; elapsed = 00:00:00.021 . Memory (MB): peak = 1695.016 ; gain = 0.000

Summary of Physical Synthesis Optimizations
============================================


-----------------------------------------------------------------------------------------------------------------------------------------------------------
|  Optimization                                     |  Added Cells  |  Removed Cells  |  Optimized Cells/Nets  |  Dont Touch  |  Iterations  |  Elapsed   |
-----------------------------------------------------------------------------------------------------------------------------------------------------------
|  LUT Combining                                    |            0  |             44  |                    44  |           0  |           1  |  00:00:01  |
|  Retime                                           |            0  |              0  |                     0  |           0  |           1  |  00:00:00  |
|  Very High Fanout                                 |            0  |              0  |                     0  |           0  |           1  |  00:00:00  |
|  DSP Register                                     |            0  |              0  |                     0  |           0  |           0  |  00:00:00  |
|  Shift Register to Pipeline                       |            0  |              0  |                     0  |           0  |           0  |  00:00:00  |
|  Shift Register                                   |            0  |              0  |                     0  |           0  |           0  |  00:00:00  |
|  BRAM Register                                    |            0  |              0  |                     0  |           0  |           0  |  00:00:00  |
|  URAM Register                                    |            0  |              0  |                     0  |           0  |           0  |  00:00:00  |
|  Dynamic/Static Region Interface Net Replication  |            0  |              0  |                     0  |           0  |           1  |  00:00:00  |
|  Total                                            |            0  |             44  |                    44  |           0  |           4  |  00:00:01  |
-----------------------------------------------------------------------------------------------------------------------------------------------------------


Phase 2.4.1 Physical Synthesis In Placer | Checksum: 19ee0123f

Time (s): cpu = 00:01:01 ; elapsed = 00:00:43 . Memory (MB): peak = 1695.016 ; gain = 46.617
Phase 2.4 Global Placement Core | Checksum: 169f3e4b0

Time (s): cpu = 00:01:03 ; elapsed = 00:00:46 . Memory (MB): peak = 1695.016 ; gain = 46.617
Phase 2 Global Placement | Checksum: 169f3e4b0

Time (s): cpu = 00:01:03 ; elapsed = 00:00:46 . Memory (MB): peak = 1695.016 ; gain = 46.617

Phase 3 Detail Placement

Phase 3.1 Commit Multi Column Macros
Phase 3.1 Commit Multi Column Macros | Checksum: efcaff51

Time (s): cpu = 00:01:04 ; elapsed = 00:00:47 . Memory (MB): peak = 1695.016 ; gain = 46.617

Phase 3.2 Commit Most Macros & LUTRAMs
Phase 3.2 Commit Most Macros & LUTRAMs | Checksum: 300038c0

Time (s): cpu = 00:01:06 ; elapsed = 00:00:48 . Memory (MB): peak = 1695.016 ; gain = 46.617

Phase 3.3 Area Swap Optimization
Phase 3.3 Area Swap Optimization | Checksum: 27fe9b5d

Time (s): cpu = 00:01:07 ; elapsed = 00:00:49 . Memory (MB): peak = 1695.016 ; gain = 46.617

Phase 3.4 Pipeline Register Optimization
Phase 3.4 Pipeline Register Optimization | Checksum: b05f0371

Time (s): cpu = 00:01:07 ; elapsed = 00:00:49 . Memory (MB): peak = 1695.016 ; gain = 46.617

Phase 3.5 Small Shape Detail Placement
Phase 3.5 Small Shape Detail Placement | Checksum: 12b76d957

Time (s): cpu = 00:01:32 ; elapsed = 00:01:18 . Memory (MB): peak = 1695.016 ; gain = 46.617

Phase 3.6 Re-assign LUT pins
Phase 3.6 Re-assign LUT pins | Checksum: 1556a13f9

Time (s): cpu = 00:01:37 ; elapsed = 00:01:26 . Memory (MB): peak = 1695.016 ; gain = 46.617

Phase 3.7 Pipeline Register Optimization
Phase 3.7 Pipeline Register Optimization | Checksum: 1cd48ac05

Time (s): cpu = 00:01:38 ; elapsed = 00:01:26 . Memory (MB): peak = 1695.016 ; gain = 46.617
Phase 3 Detail Placement | Checksum: 1cd48ac05

Time (s): cpu = 00:01:38 ; elapsed = 00:01:27 . Memory (MB): peak = 1695.016 ; gain = 46.617

Phase 4 Post Placement Optimization and Clean-Up

Phase 4.1 Post Commit Optimization
INFO: [Timing 38-35] Done setting XDC timing constraints.

Phase 4.1.1 Post Placement Optimization
Post Placement Optimization Initialization | Checksum: 1e38c3714

Phase 4.1.1.1 BUFG Insertion

Starting Physical Synthesis Task

Phase 1 Physical Synthesis Initialization
INFO: [Physopt 32-721] Multithreading enabled for phys_opt_design using a maximum of 2 CPUs
INFO: [Physopt 32-619] Estimated Timing Summary | WNS=77.670 | TNS=0.000 |
Phase 1 Physical Synthesis Initialization | Checksum: 15f71ed2f

Time (s): cpu = 00:00:02 ; elapsed = 00:00:02 . Memory (MB): peak = 1755.430 ; gain = 0.000
INFO: [Place 46-56] BUFG insertion identified 0 candidate nets. Inserted BUFG: 0, Replicated BUFG Driver: 0, Skipped due to Placement/Routing Conflicts: 0, Skipped due to Timing Degradation: 0, Skipped due to Illegal Netlist: 0.
Ending Physical Synthesis Task | Checksum: 1abf26f5b

Time (s): cpu = 00:00:02 ; elapsed = 00:00:02 . Memory (MB): peak = 1755.430 ; gain = 0.000
Phase 4.1.1.1 BUFG Insertion | Checksum: 1e38c3714

Time (s): cpu = 00:02:02 ; elapsed = 00:01:46 . Memory (MB): peak = 1755.430 ; gain = 107.031

Phase 4.1.1.2 Post Placement Timing Optimization
INFO: [Place 30-746] Post Placement Timing Summary WNS=77.670. For the most accurate timing information please run report_timing.
Phase 4.1.1.2 Post Placement Timing Optimization | Checksum: 23c6cc94a

Time (s): cpu = 00:02:02 ; elapsed = 00:01:46 . Memory (MB): peak = 1755.430 ; gain = 107.031

Time (s): cpu = 00:02:02 ; elapsed = 00:01:46 . Memory (MB): peak = 1755.430 ; gain = 107.031
Phase 4.1 Post Commit Optimization | Checksum: 23c6cc94a

Time (s): cpu = 00:02:03 ; elapsed = 00:01:47 . Memory (MB): peak = 1755.430 ; gain = 107.031

Phase 4.2 Post Placement Cleanup
Phase 4.2 Post Placement Cleanup | Checksum: 23c6cc94a

Time (s): cpu = 00:02:04 ; elapsed = 00:01:47 . Memory (MB): peak = 1755.430 ; gain = 107.031

Phase 4.3 Placer Reporting

Phase 4.3.1 Print Estimated Congestion
INFO: [Place 30-612] Post-Placement Estimated Congestion 
 ____________________________________________________
|           | Global Congestion | Short Congestion  |
| Direction | Region Size       | Region Size       |
|___________|___________________|___________________|
|      North|                8x8|                4x4|
|___________|___________________|___________________|
|      South|                1x1|                2x2|
|___________|___________________|___________________|
|       East|                1x1|                2x2|
|___________|___________________|___________________|
|       West|                1x1|                1x1|
|___________|___________________|___________________|

Phase 4.3.1 Print Estimated Congestion | Checksum: 23c6cc94a

Time (s): cpu = 00:02:04 ; elapsed = 00:01:48 . Memory (MB): peak = 1755.430 ; gain = 107.031
Phase 4.3 Placer Reporting | Checksum: 23c6cc94a

Time (s): cpu = 00:02:04 ; elapsed = 00:01:48 . Memory (MB): peak = 1755.430 ; gain = 107.031

Phase 4.4 Final Placement Cleanup
Netlist sorting complete. Time (s): cpu = 00:00:00 ; elapsed = 00:00:00.024 . Memory (MB): peak = 1755.430 ; gain = 0.000

Time (s): cpu = 00:02:04 ; elapsed = 00:01:48 . Memory (MB): peak = 1755.430 ; gain = 107.031
Phase 4 Post Placement Optimization and Clean-Up | Checksum: 2340c0573

Time (s): cpu = 00:02:05 ; elapsed = 00:01:49 . Memory (MB): peak = 1755.430 ; gain = 107.031
Ending Placer Task | Checksum: 13686bd5b

Time (s): cpu = 00:02:05 ; elapsed = 00:01:49 . Memory (MB): peak = 1755.430 ; gain = 107.031
INFO: [Common 17-83] Releasing license: Implementation
29 Infos, 0 Warnings, 0 Critical Warnings and 0 Errors encountered.
place_design completed successfully
place_design: Time (s): cpu = 00:02:11 ; elapsed = 00:01:55 . Memory (MB): peak = 1755.430 ; gain = 115.453
# catch { write_pcf -force {top.pcf} }
# write_checkpoint -force {top_placed.dcp}
INFO: [Timing 38-480] Writing timing data to binary archive.
Writing placer database...
Writing XDEF routing.
Writing XDEF routing logical nets.
Writing XDEF routing special nets.
Write XDEF Complete: Time (s): cpu = 00:00:16 ; elapsed = 00:00:07 . Memory (MB): peak = 1755.430 ; gain = 0.000
INFO: [Common 17-1381] The checkpoint 'D:/Programy/ActiveHDL/My_Designs/Soutys8_GitHub/Soutys8/implement/top_placed.dcp' has been generated.
write_checkpoint: Time (s): cpu = 00:00:25 ; elapsed = 00:00:18 . Memory (MB): peak = 1755.430 ; gain = 0.000
# write_qor_suggestions -force {top_placed.rqs}
INFO: [Common 17-1381] The QoR suggestions 'D:/Programy/ActiveHDL/My_Designs/Soutys8_GitHub/Soutys8/implement/top_placed.rqs' has been generated.
# catch { report_io -file {top_io_placed.rpt} }
report_io: Time (s): cpu = 00:00:01 ; elapsed = 00:00:00.131 . Memory (MB): peak = 1755.430 ; gain = 0.000
# catch { report_clock_utilization -file {top_clock_utilization_placed.rpt} }
# catch { report_utilization -file {top_utilization_placed.rpt} }
# catch { report_control_sets -verbose -file {top_control_sets_placed.rpt} }
report_control_sets: Time (s): cpu = 00:00:00 ; elapsed = 00:00:00.410 . Memory (MB): peak = 1755.430 ; gain = 0.000
# catch { report_timing_summary -file {top_timing_summary_placed.rpt} }
INFO: [Timing 38-91] UpdateTimingParams: Speed grade: -1, Delay Type: min_max.
INFO: [Timing 38-191] Multithreading enabled for timing update using a maximum of 2 CPUs
report_timing_summary: Time (s): cpu = 00:00:22 ; elapsed = 00:00:15 . Memory (MB): peak = 1767.941 ; gain = 12.512
# catch { report_qor_suggestions -file {top_rqs_placed.rpt} }
Command: report_qor_suggestions -file top_rqs_placed.rpt
RQA Time (s): cpu = 00:00:16 ; elapsed = 00:00:09 . Memory (MB): peak = 1767.941 ; gain = 0.000
report_qor_suggestions completed successfully
report_qor_suggestions: Time (s): cpu = 00:00:16 ; elapsed = 00:00:09 . Memory (MB): peak = 1767.941 ; gain = 0.000
# power_opt_design -verbose
Command: power_opt_design -verbose
Attempting to get a license for feature 'Implementation' and/or device 'xc7s50'
INFO: [Common 17-349] Got license for feature 'Implementation' and/or device 'xc7s50'
Begin power optimizations | Checksum: 1a391ab84
INFO: [Pwropt 34-50] Optimizing power for module top ...
INFO: [Pwropt 34-207] Design is in post-place state. Running in post-place mode.
INFO: [Physopt 32-619] Estimated Timing Summary | WNS=77.670 | TNS=0.000 |
PSMgr Creation: Time (s): cpu = 00:00:40 ; elapsed = 00:00:20 . Memory (MB): peak = 1876.848 ; gain = 24.617
Running Vector-less Activity Propagation...

Finished Running Vector-less Activity Propagation
INFO: [Pwropt 34-322] Received HACOOException
WARNING: [Pwropt 34-321] HACOOException: Too many fanin/fanouts in design, exiting pwropt. You can change this limit with the param pwropt.maxFaninFanoutToNetRatio
INFO: [Pwropt 34-162] WRITE_MODE attribute of 0 BRAM(s) out of a total of 0 has been updated to save power. Run report_power_opt to get a complete listing of the BRAMs updated.
INFO: [Pwropt 34-30] Power optimization finished successfully.
Netlist sorting complete. Time (s): cpu = 00:00:00 ; elapsed = 00:00:00.033 . Memory (MB): peak = 1936.930 ; gain = 0.000
End power optimizations | Checksum: 1d9638ce5
Power optimization: Time (s): cpu = 00:02:07 ; elapsed = 00:01:41 . Memory (MB): peak = 1936.930 ; gain = 168.988
INFO: [Pwropt 34-198] Malloced memory gain at end of power optimization: 0 bytes

Starting Netlist Obfuscation Task
Netlist sorting complete. Time (s): cpu = 00:00:00 ; elapsed = 00:00:00.029 . Memory (MB): peak = 1936.930 ; gain = 0.000
Ending Netlist Obfuscation Task | Checksum: 1d9638ce5

Time (s): cpu = 00:00:00 ; elapsed = 00:00:00.030 . Memory (MB): peak = 1936.930 ; gain = 0.000
INFO: [Common 17-83] Releasing license: Implementation
9 Infos, 1 Warnings, 0 Critical Warnings and 0 Errors encountered.
power_opt_design completed successfully
power_opt_design: Time (s): cpu = 00:02:08 ; elapsed = 00:01:42 . Memory (MB): peak = 1936.930 ; gain = 168.988
# write_checkpoint -force {top_postplace_pwropt.dcp}
INFO: [Timing 38-480] Writing timing data to binary archive.
Writing placer database...
Writing XDEF routing.
Writing XDEF routing logical nets.
Writing XDEF routing special nets.
Write XDEF Complete: Time (s): cpu = 00:00:16 ; elapsed = 00:00:10 . Memory (MB): peak = 1936.930 ; gain = 0.000
INFO: [Common 17-1381] The checkpoint 'D:/Programy/ActiveHDL/My_Designs/Soutys8_GitHub/Soutys8/implement/top_postplace_pwropt.dcp' has been generated.
write_checkpoint: Time (s): cpu = 00:00:22 ; elapsed = 00:00:18 . Memory (MB): peak = 1936.930 ; gain = 0.000
# catch { report_drc -file {top_postplace_pwropted.rpt} }
Command: report_drc -file top_postplace_pwropted.rpt
INFO: [IP_Flow 19-1839] IP Catalog is up to date.
INFO: [DRC 23-27] Running DRC with 2 threads
INFO: [Vivado_Tcl 2-168] The results of DRC are in file D:/Programy/ActiveHDL/My_Designs/Soutys8_GitHub/Soutys8/implement/top_postplace_pwropted.rpt.
report_drc completed successfully
report_drc: Time (s): cpu = 00:00:34 ; elapsed = 00:00:24 . Memory (MB): peak = 1936.930 ; gain = 0.000
# route_design -verbose -directive Default
Command: route_design -verbose -directive Default
Attempting to get a license for feature 'Implementation' and/or device 'xc7s50'
INFO: [Common 17-349] Got license for feature 'Implementation' and/or device 'xc7s50'
Running DRC as a precondition to command route_design
INFO: [DRC 23-27] Running DRC with 2 threads
INFO: [Vivado_Tcl 4-198] DRC finished with 0 Errors
INFO: [Vivado_Tcl 4-199] Please refer to the DRC report (report_drc) for more information.


Starting Routing Task
INFO: [Route 35-270] Using Router directive 'Default'.
INFO: [Route 35-254] Multithreading enabled for route_design using a maximum of 2 CPUs
Checksum: PlaceDB: f125380e ConstDB: 0 ShapeSum: 7b3366ae RouteDB: 0

Phase 1 Build RT Design
Phase 1 Build RT Design | Checksum: 131d346a0

Time (s): cpu = 00:00:53 ; elapsed = 00:00:50 . Memory (MB): peak = 1936.930 ; gain = 0.000
Post Restoration Checksum: NetGraph: 9813bac1 NumContArr: 99bf8bdf Constraints: 0 Timing: 0

Phase 2 Router Initialization

Phase 2.1 Create Timer
Phase 2.1 Create Timer | Checksum: 131d346a0

Time (s): cpu = 00:00:54 ; elapsed = 00:00:52 . Memory (MB): peak = 1936.930 ; gain = 0.000

Phase 2.2 Fix Topology Constraints
Phase 2.2 Fix Topology Constraints | Checksum: 131d346a0

Time (s): cpu = 00:00:54 ; elapsed = 00:00:52 . Memory (MB): peak = 1936.930 ; gain = 0.000

Phase 2.3 Pre Route Cleanup
Phase 2.3 Pre Route Cleanup | Checksum: 131d346a0

Time (s): cpu = 00:00:54 ; elapsed = 00:00:52 . Memory (MB): peak = 1936.930 ; gain = 0.000
 Number of Nodes with overlaps = 0

Phase 2.4 Update Timing
Phase 2.4 Update Timing | Checksum: 15e31c117

Time (s): cpu = 00:01:21 ; elapsed = 00:01:13 . Memory (MB): peak = 1936.930 ; gain = 0.000
INFO: [Route 35-416] Intermediate Timing Summary | WNS=77.811 | TNS=0.000  | WHS=-0.097 | THS=-1.994 |

Phase 2 Router Initialization | Checksum: d5d812b8

Time (s): cpu = 00:01:37 ; elapsed = 00:01:24 . Memory (MB): peak = 1936.930 ; gain = 0.000

Router Utilization Summary
  Global Vertical Routing Utilization    = 0.223232 %
  Global Horizontal Routing Utilization  = 0.12077 %
  Routable Net Status*
  *Does not include unroutable nets such as driverless and loadless.
  Run report_route_status for detailed report.
  Number of Failed Nets               = 26267
    (Failed Nets is the sum of unrouted and partially routed nets)
  Number of Unrouted Nets             = 26172
  Number of Partially Routed Nets     = 95
  Number of Node Overlaps             = 340


Phase 3 Initial Routing

Phase 3.1 Global Routing
Phase 3.1 Global Routing | Checksum: d5d812b8

Time (s): cpu = 00:01:38 ; elapsed = 00:01:24 . Memory (MB): peak = 1936.930 ; gain = 0.000
Phase 3 Initial Routing | Checksum: 1c3d77b2a

Time (s): cpu = 00:02:01 ; elapsed = 00:01:39 . Memory (MB): peak = 1960.332 ; gain = 23.402

Phase 4 Rip-up And Reroute

Phase 4.1 Global Iteration 0
 Number of Nodes with overlaps = 7595
 Number of Nodes with overlaps = 205
 Number of Nodes with overlaps = 16
 Number of Nodes with overlaps = 3
 Number of Nodes with overlaps = 1
 Number of Nodes with overlaps = 1
 Number of Nodes with overlaps = 1
 Number of Nodes with overlaps = 1
 Number of Nodes with overlaps = 0
INFO: [Route 35-416] Intermediate Timing Summary | WNS=75.629 | TNS=0.000  | WHS=N/A    | THS=N/A    |

Phase 4.1 Global Iteration 0 | Checksum: 1536302f9

Time (s): cpu = 00:03:35 ; elapsed = 00:03:08 . Memory (MB): peak = 1960.332 ; gain = 23.402
Phase 4 Rip-up And Reroute | Checksum: 1536302f9

Time (s): cpu = 00:03:36 ; elapsed = 00:03:08 . Memory (MB): peak = 1960.332 ; gain = 23.402

Phase 5 Delay and Skew Optimization

Phase 5.1 Delay CleanUp

Phase 5.1.1 Update Timing
Phase 5.1.1 Update Timing | Checksum: 1536302f9

Time (s): cpu = 00:03:38 ; elapsed = 00:03:10 . Memory (MB): peak = 1960.332 ; gain = 23.402
INFO: [Route 35-416] Intermediate Timing Summary | WNS=75.708 | TNS=0.000  | WHS=N/A    | THS=N/A    |

Phase 5.1 Delay CleanUp | Checksum: 1536302f9

Time (s): cpu = 00:03:39 ; elapsed = 00:03:10 . Memory (MB): peak = 1960.332 ; gain = 23.402

Phase 5.2 Clock Skew Optimization
Phase 5.2 Clock Skew Optimization | Checksum: 1536302f9

Time (s): cpu = 00:03:39 ; elapsed = 00:03:10 . Memory (MB): peak = 1960.332 ; gain = 23.402
Phase 5 Delay and Skew Optimization | Checksum: 1536302f9

Time (s): cpu = 00:03:39 ; elapsed = 00:03:11 . Memory (MB): peak = 1960.332 ; gain = 23.402

Phase 6 Post Hold Fix

Phase 6.1 Hold Fix Iter

Phase 6.1.1 Update Timing
Phase 6.1.1 Update Timing | Checksum: 18dfd4756

Time (s): cpu = 00:03:42 ; elapsed = 00:03:13 . Memory (MB): peak = 1960.332 ; gain = 23.402
INFO: [Route 35-416] Intermediate Timing Summary | WNS=75.708 | TNS=0.000  | WHS=0.155  | THS=0.000  |

Phase 6.1 Hold Fix Iter | Checksum: 1914a2140

Time (s): cpu = 00:03:43 ; elapsed = 00:03:13 . Memory (MB): peak = 1960.332 ; gain = 23.402
Phase 6 Post Hold Fix | Checksum: 1914a2140

Time (s): cpu = 00:03:43 ; elapsed = 00:03:14 . Memory (MB): peak = 1960.332 ; gain = 23.402

Phase 7 Route finalize

Router Utilization Summary
  Global Vertical Routing Utilization    = 24.279 %
  Global Horizontal Routing Utilization  = 25.5308 %
  Routable Net Status*
  *Does not include unroutable nets such as driverless and loadless.
  Run report_route_status for detailed report.
  Number of Failed Nets               = 0
    (Failed Nets is the sum of unrouted and partially routed nets)
  Number of Unrouted Nets             = 0
  Number of Partially Routed Nets     = 0
  Number of Node Overlaps             = 0

Phase 7 Route finalize | Checksum: 1e5eb21cb

Time (s): cpu = 00:03:43 ; elapsed = 00:03:14 . Memory (MB): peak = 1960.332 ; gain = 23.402

Phase 8 Verifying routed nets

 Verification completed successfully
Phase 8 Verifying routed nets | Checksum: 1e5eb21cb

Time (s): cpu = 00:03:43 ; elapsed = 00:03:14 . Memory (MB): peak = 1960.332 ; gain = 23.402

Phase 9 Depositing Routes
Phase 9 Depositing Routes | Checksum: 1eb0e5be0

Time (s): cpu = 00:03:53 ; elapsed = 00:03:26 . Memory (MB): peak = 1960.332 ; gain = 23.402

Phase 10 Post Router Timing
INFO: [Route 35-57] Estimated Timing Summary | WNS=75.708 | TNS=0.000  | WHS=0.155  | THS=0.000  |

INFO: [Route 35-327] The final timing numbers are based on the router estimated timing analysis. For a complete and accurate timing signoff, please run report_timing_summary.
Phase 10 Post Router Timing | Checksum: 1eb0e5be0

Time (s): cpu = 00:03:56 ; elapsed = 00:03:28 . Memory (MB): peak = 1960.332 ; gain = 23.402
INFO: [Route 35-16] Router Completed Successfully

Time (s): cpu = 00:03:56 ; elapsed = 00:03:28 . Memory (MB): peak = 1960.332 ; gain = 23.402

Routing Is Done.
INFO: [Common 17-83] Releasing license: Implementation
14 Infos, 0 Warnings, 0 Critical Warnings and 0 Errors encountered.
route_design completed successfully
route_design: Time (s): cpu = 00:04:04 ; elapsed = 00:03:34 . Memory (MB): peak = 1960.332 ; gain = 23.402
# write_checkpoint -force {top_routed.dcp}
INFO: [Timing 38-480] Writing timing data to binary archive.
Writing placer database...
Writing XDEF routing.
Writing XDEF routing logical nets.
Writing XDEF routing special nets.
Write XDEF Complete: Time (s): cpu = 00:00:20 ; elapsed = 00:00:09 . Memory (MB): peak = 1960.332 ; gain = 0.000
report_design_analysis: Time (s): cpu = 00:00:06 ; elapsed = 00:00:07 . Memory (MB): peak = 1960.332 ; gain = 0.000
INFO: [Common 17-1381] The checkpoint 'D:/Programy/ActiveHDL/My_Designs/Soutys8_GitHub/Soutys8/implement/top_routed.dcp' has been generated.
write_checkpoint: Time (s): cpu = 00:00:32 ; elapsed = 00:00:23 . Memory (MB): peak = 1960.332 ; gain = 0.000
# write_qor_suggestions -force {top_routed.rqs}
INFO: [Common 17-1381] The QoR suggestions 'D:/Programy/ActiveHDL/My_Designs/Soutys8_GitHub/Soutys8/implement/top_routed.rqs' has been generated.
# write_verilog -mode timesim -sdf_anno false -force {top.v}
write_verilog: Time (s): cpu = 00:00:05 ; elapsed = 00:00:06 . Memory (MB): peak = 1960.332 ; gain = 0.000
# write_sdf -mode timesim -force {top.sdf}
WARNING: [Timing 38-5] [SDFWriter-1] Zero Delays will be used for arc D -> Q on instance 'U24/s_sram_address_reg\[0\]' as a valid location was not found for one of the pins. Please check the part and placement setup to ensure placement completes successfully
WARNING: [Timing 38-5] [SDFWriter-1] Zero Delays will be used for arc D -> Q on instance 'U24/s_sram_address_reg\[10\]' as a valid location was not found for one of the pins. Please check the part and placement setup to ensure placement completes successfully
WARNING: [Timing 38-5] [SDFWriter-1] Zero Delays will be used for arc D -> Q on instance 'U24/s_sram_address_reg\[15\]' as a valid location was not found for one of the pins. Please check the part and placement setup to ensure placement completes successfully
WARNING: [Timing 38-5] [SDFWriter-1] Zero Delays will be used for arc D -> Q on instance 'U24/s_sram_address_reg\[1\]_rep__26' as a valid location was not found for one of the pins. Please check the part and placement setup to ensure placement completes successfully
WARNING: [Timing 38-5] [SDFWriter-1] Zero Delays will be used for arc D -> Q on instance 'U24/s_sram_address_reg\[1\]_rep__37' as a valid location was not found for one of the pins. Please check the part and placement setup to ensure placement completes successfully
WARNING: [Timing 38-5] [SDFWriter-1] Zero Delays will be used for arc D -> Q on instance 'U24/s_sram_address_reg\[2\]_rep__17' as a valid location was not found for one of the pins. Please check the part and placement setup to ensure placement completes successfully
WARNING: [Timing 38-5] [SDFWriter-1] Zero Delays will be used for arc D -> Q on instance 'U24/s_sram_address_reg\[7\]_rep__0' as a valid location was not found for one of the pins. Please check the part and placement setup to ensure placement completes successfully
WARNING: [Timing 38-5] [SDFWriter-1] Zero Delays will be used for arc D -> Q on instance 'U24/s_sram_address_reg\[9\]' as a valid location was not found for one of the pins. Please check the part and placement setup to ensure placement completes successfully
write_sdf: Time (s): cpu = 00:00:36 ; elapsed = 00:00:46 . Memory (MB): peak = 1960.332 ; gain = 0.000
# catch { report_drc -file {top_drc_routed.rpt} }
Command: report_drc -file top_drc_routed.rpt
INFO: [IP_Flow 19-1839] IP Catalog is up to date.
INFO: [DRC 23-27] Running DRC with 2 threads
INFO: [Vivado_Tcl 2-168] The results of DRC are in file D:/Programy/ActiveHDL/My_Designs/Soutys8_GitHub/Soutys8/implement/top_drc_routed.rpt.
report_drc completed successfully
report_drc: Time (s): cpu = 00:00:37 ; elapsed = 00:00:23 . Memory (MB): peak = 1986.203 ; gain = 25.871
# catch { report_power -file {top_power_routed.rpt} }
Command: report_power -file top_power_routed.rpt
Running Vector-less Activity Propagation...

Finished Running Vector-less Activity Propagation
WARNING: [Power 33-332] Found switching activity that implies high-fanout reset nets being asserted for excessive periods of time which may result in inaccurate power analysis.
Resolution: To review and fix problems, please run Power Constraints Advisor in the GUI from Tools > Power Constraints Advisor or run report_power with the -advisory option to generate a text report.
0 Infos, 1 Warnings, 0 Critical Warnings and 0 Errors encountered.
report_power completed successfully
report_power: Time (s): cpu = 00:00:32 ; elapsed = 00:00:27 . Memory (MB): peak = 1999.418 ; gain = 13.215
# catch { report_route_status -file {top_route_status_routed.rpt} }
# catch { report_timing_summary -file {top_timing_summary_routed.rpt} }
INFO: [Timing 38-91] UpdateTimingParams: Speed grade: -1, Delay Type: min_max.
INFO: [Timing 38-191] Multithreading enabled for timing update using a maximum of 2 CPUs
# catch { report_qor_suggestions -file {top_rqs_routed.rpt} }
Command: report_qor_suggestions -file top_rqs_routed.rpt
featureProvider Time (s): cpu = 00:00:01 ; elapsed = 00:00:00.732 . Memory (MB): peak = 1999.418 ; gain = 0.000
INFO: [Implflow 47-1274] ML strategy prediction is not supported for 7-series devices.
RQA Time (s): cpu = 00:00:19 ; elapsed = 00:00:11 . Memory (MB): peak = 1999.418 ; gain = 0.000
report_qor_suggestions completed successfully
report_qor_suggestions: Time (s): cpu = 00:00:20 ; elapsed = 00:00:12 . Memory (MB): peak = 1999.418 ; gain = 0.000
# write_bitstream -force -file {top.bit}
Command: write_bitstream -force -file top.bit
Attempting to get a license for feature 'Implementation' and/or device 'xc7s50'
INFO: [Common 17-349] Got license for feature 'Implementation' and/or device 'xc7s50'
Running DRC as a precondition to command write_bitstream
INFO: [IP_Flow 19-1839] IP Catalog is up to date.
INFO: [DRC 23-27] Running DRC with 2 threads
WARNING: [DRC PDRC-153] Gated clock check: Net U17/out_rx_data_reg[7]_i_1_n_0 is a gated clock net sourced by a combinational pin U17/out_rx_data_reg[7]_i_1/O, cell U17/out_rx_data_reg[7]_i_1. This is not good design practice and will likely impact performance. For SLICE registers, for example, use the CE pin to control the loading of data.
WARNING: [DRC PDRC-153] Gated clock check: Net U24/s_read_data1__7_carry__0[0] is a gated clock net sourced by a combinational pin U24/s_read_data_reg[7]_i_2__0/O, cell U24/s_read_data_reg[7]_i_2__0. This is not good design practice and will likely impact performance. For SLICE registers, for example, use the CE pin to control the loading of data.
WARNING: [DRC PDRC-153] Gated clock check: Net U25/E[0] is a gated clock net sourced by a combinational pin U25/s_control_reg[1]_i_2/O, cell U25/s_control_reg[1]_i_2. This is not good design practice and will likely impact performance. For SLICE registers, for example, use the CE pin to control the loading of data.
WARNING: [DRC PDRC-153] Gated clock check: Net U25/E[1] is a gated clock net sourced by a combinational pin U25/s_control_reg[2]_i_2/O, cell U25/s_control_reg[2]_i_2. This is not good design practice and will likely impact performance. For SLICE registers, for example, use the CE pin to control the loading of data.
WARNING: [DRC PDRC-153] Gated clock check: Net U25/E[2] is a gated clock net sourced by a combinational pin U25/s_control_reg[5]_i_2/O, cell U25/s_control_reg[5]_i_2. This is not good design practice and will likely impact performance. For SLICE registers, for example, use the CE pin to control the loading of data.
WARNING: [DRC PDRC-153] Gated clock check: Net U25/E[3] is a gated clock net sourced by a combinational pin U25/s_control_reg[6]_i_2/O, cell U25/s_control_reg[6]_i_2. This is not good design practice and will likely impact performance. For SLICE registers, for example, use the CE pin to control the loading of data.
WARNING: [DRC PDRC-153] Gated clock check: Net U25/E[4] is a gated clock net sourced by a combinational pin U25/s_control_reg[11]_i_2/O, cell U25/s_control_reg[11]_i_2. This is not good design practice and will likely impact performance. For SLICE registers, for example, use the CE pin to control the loading of data.
WARNING: [DRC PDRC-153] Gated clock check: Net U25/s_immediate_reg[7]_i_10_0[0] is a gated clock net sourced by a combinational pin U25/s_immediate_reg[7]_i_2/O, cell U25/s_immediate_reg[7]_i_2. This is not good design practice and will likely impact performance. For SLICE registers, for example, use the CE pin to control the loading of data.
WARNING: [DRC PDRC-153] Gated clock check: Net U25/s_reg1_addr_reg[4]_i_12_0[0] is a gated clock net sourced by a combinational pin U25/s_reg1_addr_reg[4]_i_2/O, cell U25/s_reg1_addr_reg[4]_i_2. This is not good design practice and will likely impact performance. For SLICE registers, for example, use the CE pin to control the loading of data.
WARNING: [DRC PDRC-153] Gated clock check: Net U25/s_reg1_addr_reg[4]_i_7_0[0] is a gated clock net sourced by a combinational pin U25/s_reg2_addr_reg[4]_i_2/O, cell U25/s_reg2_addr_reg[4]_i_2. This is not good design practice and will likely impact performance. For SLICE registers, for example, use the CE pin to control the loading of data.
WARNING: [DRC PDRC-153] Gated clock check: Net U4/s_control_reg[10]_0[0] is a gated clock net sourced by a combinational pin U4/s_result_reg[7]_i_2/O, cell U4/s_result_reg[7]_i_2. This is not good design practice and will likely impact performance. For SLICE registers, for example, use the CE pin to control the loading of data.
INFO: [Vivado 12-3199] DRC finished with 0 Errors, 11 Warnings
INFO: [Vivado 12-3200] Please refer to the DRC report (report_drc) for more information.
INFO: [Designutils 20-2272] Running write_bitstream with 2 threads.
Loading data files...
Loading site data...
Loading route data...
Processing options...
Creating bitmap...
Creating bitstream...
Writing bitstream ./top.bit...
INFO: [Vivado 12-1842] Bitgen Completed Successfully.
INFO: [#UNDEF] WebTalk data collection is mandatory when using a WebPACK part without a full Vivado license. To see the specific WebTalk data collected for your design, open the usage_statistics_webtalk.html or usage_statistics_webtalk.xml file in the implementation directory.
INFO: [Common 17-186] 'D:/Programy/ActiveHDL/My_Designs/Soutys8_GitHub/Soutys8/implement/usage_statistics_webtalk.xml' has been successfully sent to Xilinx on Sat Oct  8 20:30:29 2022. For additional details about this file, please refer to the WebTalk help file at D:/Programy/Vivado/Vivado/2021.1/doc/webtalk_introduction.html.
INFO: [Common 17-83] Releasing license: Implementation
10 Infos, 11 Warnings, 0 Critical Warnings and 0 Errors encountered.
write_bitstream completed successfully
write_bitstream: Time (s): cpu = 00:01:07 ; elapsed = 00:01:01 . Memory (MB): peak = 2490.992 ; gain = 491.574
INFO: [Common 17-206] Exiting Vivado at Sat Oct  8 20:30:29 2022...
